<?xml version="1.0" encoding="UTF-8" ?>
<testsuite failures="1" time="0.279" errors="0" skipped="0" tests="1" name="com.ascend.tmn.scouter.AppTests">
  <properties>
[...]
</properties>
  <testcase time="0.279" classname="com.ascend.tmn.scouter.AppTests" name="simple">
    <failure message="View name expected:&lt;hello&gt; but was:&lt;index&gt;" type="java.lang.AssertionError">java.lang.AssertionError: View name expected:&lt;hello&gt; but was:&lt;index&gt;
	at org.springframework.test.util.AssertionErrors.fail(AssertionErrors.java:60)
	at org.springframework.test.util.AssertionErrors.assertEquals(AssertionErrors.java:89)
	at org.springframework.test.web.servlet.result.ViewResultMatchers$2.match(ViewResultMatchers.java:65)
	at org.springframework.test.web.servlet.MockMvc$1.andExpect(MockMvc.java:153)
	at com.ascend.tmn.scouter.AppTests.simple(AppTests.java:35)
	at sun.reflect.NativeMethodAccessorImpl.invoke0(Native Method)
	at sun.reflect.NativeMethodAccessorImpl.invoke(NativeMethodAccessorImpl.java:57)
	at sun.reflect.DelegatingMethodAccessorImpl.invoke(DelegatingMethodAccessorImpl.java:43)
	at java.lang.reflect.Method.invoke(Method.java:606)
	at org.junit.runners.model.FrameworkMethod$1.runReflectiveCall(FrameworkMethod.java:47)
	at org.junit.internal.runners.model.ReflectiveCallable.run(ReflectiveCallable.java:12)
	at org.junit.runners.model.FrameworkMethod.invokeExplosively(FrameworkMethod.java:44)
	at org.junit.internal.runners.statements.InvokeMethod.evaluate(InvokeMethod.java:17)
	at org.junit.internal.runners.statements.RunBefores.evaluate(RunBefores.java:26)
	at org.springframework.test.context.junit4.statements.RunBeforeTestMethodCallbacks.evaluate(RunBeforeTestMethodCallbacks.java:72)
	at org.springframework.test.context.junit4.statements.RunAfterTestMethodCallbacks.evaluate(RunAfterTestMethodCallbacks.java:81)
	at org.springframework.test.context.junit4.statements.SpringRepeat.evaluate(SpringRepeat.java:72)
	at org.junit.runners.ParentRunner.runLeaf(ParentRunner.java:271)
	at org.springframework.test.context.junit4.SpringJUnit4ClassRunner.runChild(SpringJUnit4ClassRunner.java:216)
	at org.springframework.test.context.junit4.SpringJUnit4ClassRunner.runChild(SpringJUnit4ClassRunner.java:82)
	at org.junit.runners.ParentRunner$3.run(ParentRunner.java:238)
	at org.junit.runners.ParentRunner$1.schedule(ParentRunner.java:63)
	at org.junit.runners.ParentRunner.runChildren(ParentRunner.java:236)
	at org.junit.runners.ParentRunner.access$000(ParentRunner.java:53)
	at org.junit.runners.ParentRunner$2.evaluate(ParentRunner.java:229)
	at org.springframework.test.context.junit4.statements.RunBeforeTestClassCallbacks.evaluate(RunBeforeTestClassCallbacks.java:60)
	at org.springframework.test.context.junit4.statements.RunAfterTestClassCallbacks.evaluate(RunAfterTestClassCallbacks.java:67)
	at org.junit.runners.ParentRunner.run(ParentRunner.java:309)
	at org.springframework.test.context.junit4.SpringJUnit4ClassRunner.run(SpringJUnit4ClassRunner.java:162)
	at org.apache.maven.surefire.junit4.JUnit4Provider.execute(JUnit4Provider.java:252)
	at org.apache.maven.surefire.junit4.JUnit4Provider.executeTestSet(JUnit4Provider.java:141)
	at org.apache.maven.surefire.junit4.JUnit4Provider.invoke(JUnit4Provider.java:112)
	at sun.reflect.NativeMethodAccessorImpl.invoke0(Native Method)
	at sun.reflect.NativeMethodAccessorImpl.invoke(NativeMethodAccessorImpl.java:57)
	at sun.reflect.DelegatingMethodAccessorImpl.invoke(DelegatingMethodAccessorImpl.java:43)
	at java.lang.reflect.Method.invoke(Method.java:606)
	at org.apache.maven.surefire.util.ReflectionUtils.invokeMethodWithArray(ReflectionUtils.java:189)
	at org.apache.maven.surefire.booter.ProviderFactory$ProviderProxy.invoke(ProviderFactory.java:165)
	at org.apache.maven.surefire.booter.ProviderFactory.invokeProvider(ProviderFactory.java:85)
	at org.apache.maven.surefire.booter.ForkedBooter.runSuitesInProcess(ForkedBooter.java:115)
	at org.apache.maven.surefire.booter.ForkedBooter.main(ForkedBooter.java:75)
</failure>
    <system-out>2015-07-03 10:33:51 DEBUG SpringJUnit4ClassRunner:112 - SpringJUnit4ClassRunner constructor called with [class com.ascend.tmn.scouter.AppTests].
2015-07-03 10:33:51 DEBUG BootstrapUtils:77 - Instantiating TestContextBootstrapper from class [org.springframework.test.context.web.WebTestContextBootstrapper]
2015-07-03 10:33:51 DEBUG AbstractDelegatingSmartContextLoader:96 - Delegating to GenericXmlWebContextLoader to process context configuration [ContextConfigurationAttributes@2c26cbf4 declaringClass = &apos;com.ascend.tmn.scouter.AppTests&apos;, classes = &apos;{}&apos;, locations = &apos;{file:src/main/webapp/WEB-INF/mvc-dispatcher-servlet.xml}&apos;, inheritLocations = true, initializers = &apos;{}&apos;, inheritInitializers = true, name = [null], contextLoaderClass = &apos;org.springframework.test.context.ContextLoader&apos;].
2015-07-03 10:33:51 DEBUG ActiveProfilesUtils:82 - Could not find an &apos;annotation declaring class&apos; for annotation type [org.springframework.test.context.ActiveProfiles] and class [com.ascend.tmn.scouter.AppTests]
2015-07-03 10:33:51 DEBUG WebTestContextBootstrapper:112 - @TestExecutionListeners is not present for class [com.ascend.tmn.scouter.AppTests]: using defaults.
2015-07-03 10:33:51 INFO  WebTestContextBootstrapper:255 - Loaded default TestExecutionListener class names from location [META-INF/spring.factories]: [org.springframework.test.context.web.ServletTestExecutionListener, org.springframework.test.context.support.DependencyInjectionTestExecutionListener, org.springframework.test.context.support.DirtiesContextTestExecutionListener, org.springframework.test.context.transaction.TransactionalTestExecutionListener, org.springframework.test.context.jdbc.SqlScriptsTestExecutionListener]
2015-07-03 10:33:51 INFO  WebTestContextBootstrapper:181 - Using TestExecutionListeners: [org.springframework.test.context.web.ServletTestExecutionListener@2cc2c69f, org.springframework.test.context.support.DependencyInjectionTestExecutionListener@277e07ae, org.springframework.test.context.support.DirtiesContextTestExecutionListener@432a44c3, org.springframework.test.context.transaction.TransactionalTestExecutionListener@c0880a8, org.springframework.test.context.jdbc.SqlScriptsTestExecutionListener@2369bc4]
2015-07-03 10:33:51 DEBUG ProfileValueUtils:70 - Retrieved @ProfileValueSourceConfiguration [null] for test class [com.ascend.tmn.scouter.AppTests]
2015-07-03 10:33:51 DEBUG ProfileValueUtils:82 - Retrieved ProfileValueSource type [class org.springframework.test.annotation.SystemProfileValueSource] for class [com.ascend.tmn.scouter.AppTests]
2015-07-03 10:33:51 DEBUG ProfileValueUtils:70 - Retrieved @ProfileValueSourceConfiguration [null] for test class [com.ascend.tmn.scouter.AppTests]
2015-07-03 10:33:51 DEBUG ProfileValueUtils:82 - Retrieved ProfileValueSource type [class org.springframework.test.annotation.SystemProfileValueSource] for class [com.ascend.tmn.scouter.AppTests]
2015-07-03 10:33:51 DEBUG ProfileValueUtils:70 - Retrieved @ProfileValueSourceConfiguration [null] for test class [com.ascend.tmn.scouter.AppTests]
2015-07-03 10:33:51 DEBUG ProfileValueUtils:82 - Retrieved ProfileValueSource type [class org.springframework.test.annotation.SystemProfileValueSource] for class [com.ascend.tmn.scouter.AppTests]
2015-07-03 10:33:51 DEBUG AbstractDelegatingSmartContextLoader:106 - Delegating to GenericXmlWebContextLoader to load context from [WebMergedContextConfiguration@56911387 testClass = AppTests, locations = &apos;{file:src/main/webapp/WEB-INF/mvc-dispatcher-servlet.xml}&apos;, classes = &apos;{}&apos;, contextInitializerClasses = &apos;[]&apos;, activeProfiles = &apos;{}&apos;, propertySourceLocations = &apos;{}&apos;, propertySourceProperties = &apos;{}&apos;, resourceBasePath = &apos;src/main/webapp&apos;, contextLoader = &apos;org.springframework.test.context.web.WebDelegatingSmartContextLoader&apos;, parent = [null]].
2015-07-03 10:33:51 DEBUG AbstractGenericWebContextLoader:114 - Loading WebApplicationContext for merged context configuration [WebMergedContextConfiguration@56911387 testClass = AppTests, locations = &apos;{file:src/main/webapp/WEB-INF/mvc-dispatcher-servlet.xml}&apos;, classes = &apos;{}&apos;, contextInitializerClasses = &apos;[]&apos;, activeProfiles = &apos;{}&apos;, propertySourceLocations = &apos;{}&apos;, propertySourceProperties = &apos;{}&apos;, resourceBasePath = &apos;src/main/webapp&apos;, contextLoader = &apos;org.springframework.test.context.web.WebDelegatingSmartContextLoader&apos;, parent = [null]].
2015-07-03 10:33:52 DEBUG StandardServletEnvironment:111 - Adding [servletConfigInitParams] PropertySource with lowest search precedence
2015-07-03 10:33:52 DEBUG StandardServletEnvironment:111 - Adding [servletContextInitParams] PropertySource with lowest search precedence
2015-07-03 10:33:52 DEBUG StandardServletEnvironment:111 - Adding [systemProperties] PropertySource with lowest search precedence
2015-07-03 10:33:52 DEBUG StandardServletEnvironment:111 - Adding [systemEnvironment] PropertySource with lowest search precedence
2015-07-03 10:33:52 DEBUG StandardServletEnvironment:126 - Initialized StandardServletEnvironment with PropertySources [servletConfigInitParams,servletContextInitParams,systemProperties,systemEnvironment]
2015-07-03 10:33:52 INFO  XmlBeanDefinitionReader:317 - Loading XML bean definitions from URL [file:src/main/webapp/WEB-INF/mvc-dispatcher-servlet.xml]
2015-07-03 10:33:52 DEBUG DefaultDocumentLoader:73 - Using JAXP provider [com.sun.org.apache.xerces.internal.jaxp.DocumentBuilderFactoryImpl]
2015-07-03 10:33:52 DEBUG PluggableSchemaResolver:141 - Loading schema mappings from [META-INF/spring.schemas]
2015-07-03 10:33:52 DEBUG PluggableSchemaResolver:147 - Loaded schema mappings: {http://www.springframework.org/schema/tx/spring-tx-2.5.xsd=org/springframework/transaction/config/spring-tx-2.5.xsd, http://www.springframework.org/schema/aop/spring-aop-4.1.xsd=org/springframework/aop/config/spring-aop-4.1.xsd, http://www.springframework.org/schema/context/spring-context-3.1.xsd=org/springframework/context/config/spring-context-3.1.xsd, http://www.springframework.org/schema/jdbc/spring-jdbc-4.1.xsd=org/springframework/jdbc/config/spring-jdbc-4.1.xsd, http://www.springframework.org/schema/util/spring-util-3.0.xsd=org/springframework/beans/factory/xml/spring-util-3.0.xsd, http://www.springframework.org/schema/mvc/spring-mvc-4.1.xsd=org/springframework/web/servlet/config/spring-mvc-4.1.xsd, http://www.springframework.org/schema/tool/spring-tool.xsd=org/springframework/beans/factory/xml/spring-tool-4.1.xsd, http://www.springframework.org/schema/aop/spring-aop-3.2.xsd=org/springframework/aop/config/spring-aop-3.2.xsd, http://www.springframework.org/schema/lang/spring-lang-4.1.xsd=org/springframework/scripting/config/spring-lang-4.1.xsd, http://www.springframework.org/schema/context/spring-context-4.0.xsd=org/springframework/context/config/spring-context-4.0.xsd, http://www.springframework.org/schema/mvc/spring-mvc-3.2.xsd=org/springframework/web/servlet/config/spring-mvc-3.2.xsd, http://www.springframework.org/schema/tool/spring-tool-4.1.xsd=org/springframework/beans/factory/xml/spring-tool-4.1.xsd, http://www.springframework.org/schema/lang/spring-lang-3.2.xsd=org/springframework/scripting/config/spring-lang-3.2.xsd, http://www.springframework.org/schema/cache/spring-cache-3.2.xsd=org/springframework/cache/config/spring-cache-3.2.xsd, http://www.springframework.org/schema/jee/spring-jee-4.1.xsd=org/springframework/ejb/config/spring-jee-4.1.xsd, http://www.springframework.org/schema/jdbc/spring-jdbc-3.1.xsd=org/springframework/jdbc/config/spring-jdbc-3.1.xsd, http://www.springframework.org/schema/util/spring-util-2.0.xsd=org/springframework/beans/factory/xml/spring-util-2.0.xsd, http://www.springframework.org/schema/tool/spring-tool-3.2.xsd=org/springframework/beans/factory/xml/spring-tool-3.2.xsd, http://www.springframework.org/schema/context/spring-context.xsd=org/springframework/context/config/spring-context-4.1.xsd, http://www.springframework.org/schema/cache/spring-cache-4.1.xsd=org/springframework/cache/config/spring-cache-4.1.xsd, http://www.springframework.org/schema/aop/spring-aop-4.0.xsd=org/springframework/aop/config/spring-aop-4.0.xsd, http://www.springframework.org/schema/jee/spring-jee-3.2.xsd=org/springframework/ejb/config/spring-jee-3.2.xsd, http://www.springframework.org/schema/context/spring-context-3.0.xsd=org/springframework/context/config/spring-context-3.0.xsd, http://www.springframework.org/schema/jdbc/spring-jdbc-4.0.xsd=org/springframework/jdbc/config/spring-jdbc-4.0.xsd, http://www.springframework.org/schema/util/spring-util-2.5.xsd=org/springframework/beans/factory/xml/spring-util-2.5.xsd, http://www.springframework.org/schema/mvc/spring-mvc-4.0.xsd=org/springframework/web/servlet/config/spring-mvc-4.0.xsd, http://www.springframework.org/schema/beans/spring-beans-3.2.xsd=org/springframework/beans/factory/xml/spring-beans-3.2.xsd, http://www.springframework.org/schema/aop/spring-aop-3.1.xsd=org/springframework/aop/config/spring-aop-3.1.xsd, http://www.springframework.org/schema/lang/spring-lang-4.0.xsd=org/springframework/scripting/config/spring-lang-4.0.xsd, http://www.springframework.org/schema/mvc/spring-mvc.xsd=org/springframework/web/servlet/config/spring-mvc-4.1.xsd, http://www.springframework.org/schema/mvc/spring-mvc-3.1.xsd=org/springframework/web/servlet/config/spring-mvc-3.1.xsd, http://www.springframework.org/schema/beans/spring-beans-4.1.xsd=org/springframework/beans/factory/xml/spring-beans-4.1.xsd, http://www.springframework.org/schema/tool/spring-tool-4.0.xsd=org/springframework/beans/factory/xml/spring-tool-4.0.xsd, http://www.springframework.org/schema/tx/spring-tx-3.2.xsd=org/springframework/transaction/config/spring-tx-3.2.xsd, http://www.springframework.org/schema/lang/spring-lang-3.1.xsd=org/springframework/scripting/config/spring-lang-3.1.xsd, http://www.springframework.org/schema/cache/spring-cache-3.1.xsd=org/springframework/cache/config/spring-cache-3.1.xsd, http://www.springframework.org/schema/jee/spring-jee-4.0.xsd=org/springframework/ejb/config/spring-jee-4.0.xsd, http://www.springframework.org/schema/jdbc/spring-jdbc-3.0.xsd=org/springframework/jdbc/config/spring-jdbc-3.0.xsd, http://www.springframework.org/schema/task/spring-task-4.1.xsd=org/springframework/scheduling/config/spring-task-4.1.xsd, http://www.springframework.org/schema/jdbc/spring-jdbc.xsd=org/springframework/jdbc/config/spring-jdbc-4.1.xsd, http://www.springframework.org/schema/tool/spring-tool-3.1.xsd=org/springframework/beans/factory/xml/spring-tool-3.1.xsd, http://www.springframework.org/schema/tx/spring-tx-4.1.xsd=org/springframework/transaction/config/spring-tx-4.1.xsd, http://www.springframework.org/schema/cache/spring-cache-4.0.xsd=org/springframework/cache/config/spring-cache-4.0.xsd, http://www.springframework.org/schema/jee/spring-jee-3.1.xsd=org/springframework/ejb/config/spring-jee-3.1.xsd, http://www.springframework.org/schema/task/spring-task-3.2.xsd=org/springframework/scheduling/config/spring-task-3.2.xsd, http://www.springframework.org/schema/beans/spring-beans-3.1.xsd=org/springframework/beans/factory/xml/spring-beans-3.1.xsd, http://www.springframework.org/schema/util/spring-util.xsd=org/springframework/beans/factory/xml/spring-util-4.1.xsd, http://www.springframework.org/schema/aop/spring-aop-3.0.xsd=org/springframework/aop/config/spring-aop-3.0.xsd, http://www.springframework.org/schema/mvc/spring-mvc-3.0.xsd=org/springframework/web/servlet/config/spring-mvc-3.0.xsd, http://www.springframework.org/schema/beans/spring-beans-4.0.xsd=org/springframework/beans/factory/xml/spring-beans-4.0.xsd, http://www.springframework.org/schema/beans/spring-beans.xsd=org/springframework/beans/factory/xml/spring-beans-4.1.xsd, http://www.springframework.org/schema/tx/spring-tx-3.1.xsd=org/springframework/transaction/config/spring-tx-3.1.xsd, http://www.springframework.org/schema/lang/spring-lang-3.0.xsd=org/springframework/scripting/config/spring-lang-3.0.xsd, http://www.springframework.org/schema/context/spring-context-2.5.xsd=org/springframework/context/config/spring-context-2.5.xsd, http://www.springframework.org/schema/task/spring-task-4.0.xsd=org/springframework/scheduling/config/spring-task-4.0.xsd, http://www.springframework.org/schema/tool/spring-tool-3.0.xsd=org/springframework/beans/factory/xml/spring-tool-3.0.xsd, http://www.springframework.org/schema/tx/spring-tx-4.0.xsd=org/springframework/transaction/config/spring-tx-4.0.xsd, http://www.springframework.org/schema/aop/spring-aop-2.0.xsd=org/springframework/aop/config/spring-aop-2.0.xsd, http://www.springframework.org/schema/jee/spring-jee-3.0.xsd=org/springframework/ejb/config/spring-jee-3.0.xsd, http://www.springframework.org/schema/util/spring-util-4.1.xsd=org/springframework/beans/factory/xml/spring-util-4.1.xsd, http://www.springframework.org/schema/task/spring-task-3.1.xsd=org/springframework/scheduling/config/spring-task-3.1.xsd, http://www.springframework.org/schema/beans/spring-beans-3.0.xsd=org/springframework/beans/factory/xml/spring-beans-3.0.xsd, http://www.springframework.org/schema/jee/spring-jee.xsd=org/springframework/ejb/config/spring-jee-4.1.xsd, http://www.springframework.org/schema/aop/spring-aop-2.5.xsd=org/springframework/aop/config/spring-aop-2.5.xsd, http://www.springframework.org/schema/lang/spring-lang-2.0.xsd=org/springframework/scripting/config/spring-lang-2.0.xsd, http://www.springframework.org/schema/util/spring-util-3.2.xsd=org/springframework/beans/factory/xml/spring-util-3.2.xsd, http://www.springframework.org/schema/task/spring-task.xsd=org/springframework/scheduling/config/spring-task-4.1.xsd, http://www.springframework.org/schema/tool/spring-tool-2.0.xsd=org/springframework/beans/factory/xml/spring-tool-2.0.xsd, http://www.springframework.org/schema/tx/spring-tx-3.0.xsd=org/springframework/transaction/config/spring-tx-3.0.xsd, http://www.springframework.org/schema/lang/spring-lang-2.5.xsd=org/springframework/scripting/config/spring-lang-2.5.xsd, http://www.springframework.org/schema/jee/spring-jee-2.0.xsd=org/springframework/ejb/config/spring-jee-2.0.xsd, http://www.springframework.org/schema/tool/spring-tool-2.5.xsd=org/springframework/beans/factory/xml/spring-tool-2.5.xsd, http://www.springframework.org/schema/jee/spring-jee-2.5.xsd=org/springframework/ejb/config/spring-jee-2.5.xsd, http://www.springframework.org/schema/util/spring-util-4.0.xsd=org/springframework/beans/factory/xml/spring-util-4.0.xsd, http://www.springframework.org/schema/task/spring-task-3.0.xsd=org/springframework/scheduling/config/spring-task-3.0.xsd, http://www.springframework.org/schema/lang/spring-lang.xsd=org/springframework/scripting/config/spring-lang-4.1.xsd, http://www.springframework.org/schema/context/spring-context-3.2.xsd=org/springframework/context/config/spring-context-3.2.xsd, http://www.springframework.org/schema/util/spring-util-3.1.xsd=org/springframework/beans/factory/xml/spring-util-3.1.xsd, http://www.springframework.org/schema/beans/spring-beans-2.0.xsd=org/springframework/beans/factory/xml/spring-beans-2.0.xsd, http://www.springframework.org/schema/cache/spring-cache.xsd=org/springframework/cache/config/spring-cache-4.1.xsd, http://www.springframework.org/schema/tx/spring-tx.xsd=org/springframework/transaction/config/spring-tx-4.1.xsd, http://www.springframework.org/schema/context/spring-context-4.1.xsd=org/springframework/context/config/spring-context-4.1.xsd, http://www.springframework.org/schema/beans/spring-beans-2.5.xsd=org/springframework/beans/factory/xml/spring-beans-2.5.xsd, http://www.springframework.org/schema/tx/spring-tx-2.0.xsd=org/springframework/transaction/config/spring-tx-2.0.xsd, http://www.springframework.org/schema/jdbc/spring-jdbc-3.2.xsd=org/springframework/jdbc/config/spring-jdbc-3.2.xsd, http://www.springframework.org/schema/aop/spring-aop.xsd=org/springframework/aop/config/spring-aop-4.1.xsd}
2015-07-03 10:33:52 DEBUG PluggableSchemaResolver:119 - Found XML schema [http://www.springframework.org/schema/beans/spring-beans.xsd] in classpath: org/springframework/beans/factory/xml/spring-beans-4.1.xsd
2015-07-03 10:33:52 DEBUG PluggableSchemaResolver:119 - Found XML schema [http://www.springframework.org/schema/context/spring-context.xsd] in classpath: org/springframework/context/config/spring-context-4.1.xsd
2015-07-03 10:33:52 DEBUG PluggableSchemaResolver:119 - Found XML schema [http://www.springframework.org/schema/tool/spring-tool-4.1.xsd] in classpath: org/springframework/beans/factory/xml/spring-tool-4.1.xsd
2015-07-03 10:33:52 DEBUG DefaultBeanDefinitionDocumentReader:98 - Loading bean definitions
2015-07-03 10:33:52 DEBUG DefaultNamespaceHandlerResolver:157 - Loaded NamespaceHandler mappings: {http://www.springframework.org/schema/p=org.springframework.beans.factory.xml.SimplePropertyNamespaceHandler, http://www.springframework.org/schema/mvc=org.springframework.web.servlet.config.MvcNamespaceHandler, http://www.springframework.org/schema/util=org.springframework.beans.factory.xml.UtilNamespaceHandler, http://www.springframework.org/schema/jee=org.springframework.ejb.config.JeeNamespaceHandler, http://www.springframework.org/schema/aop=org.springframework.aop.config.AopNamespaceHandler, http://www.springframework.org/schema/jdbc=org.springframework.jdbc.config.JdbcNamespaceHandler, http://www.springframework.org/schema/cache=org.springframework.cache.config.CacheNamespaceHandler, http://www.springframework.org/schema/c=org.springframework.beans.factory.xml.SimpleConstructorNamespaceHandler, http://www.springframework.org/schema/tx=org.springframework.transaction.config.TxNamespaceHandler, http://www.springframework.org/schema/task=org.springframework.scheduling.config.TaskNamespaceHandler, http://www.springframework.org/schema/lang=org.springframework.scripting.config.LangNamespaceHandler, http://www.springframework.org/schema/context=org.springframework.context.config.ContextNamespaceHandler}
2015-07-03 10:33:52 DEBUG PathMatchingResourcePatternResolver:622 - Looking for matching resources in directory tree [/Users/keerati/Documents/untitled1/target/test-classes/com/ascend/tmn/scouter]
2015-07-03 10:33:52 DEBUG PathMatchingResourcePatternResolver:684 - Searching directory [/Users/keerati/Documents/untitled1/target/test-classes/com/ascend/tmn/scouter] for files matching pattern [/Users/keerati/Documents/untitled1/target/test-classes/com/ascend/tmn/scouter/**/*.class]
2015-07-03 10:33:52 DEBUG PathMatchingResourcePatternResolver:684 - Searching directory [/Users/keerati/Documents/untitled1/target/test-classes/com/ascend/tmn/scouter/controller] for files matching pattern [/Users/keerati/Documents/untitled1/target/test-classes/com/ascend/tmn/scouter/**/*.class]
2015-07-03 10:33:52 DEBUG PathMatchingResourcePatternResolver:622 - Looking for matching resources in directory tree [/Users/keerati/Documents/untitled1/target/classes/com/ascend/tmn/scouter]
2015-07-03 10:33:52 DEBUG PathMatchingResourcePatternResolver:684 - Searching directory [/Users/keerati/Documents/untitled1/target/classes/com/ascend/tmn/scouter] for files matching pattern [/Users/keerati/Documents/untitled1/target/classes/com/ascend/tmn/scouter/**/*.class]
2015-07-03 10:33:52 DEBUG PathMatchingResourcePatternResolver:684 - Searching directory [/Users/keerati/Documents/untitled1/target/classes/com/ascend/tmn/scouter/config] for files matching pattern [/Users/keerati/Documents/untitled1/target/classes/com/ascend/tmn/scouter/**/*.class]
2015-07-03 10:33:52 DEBUG PathMatchingResourcePatternResolver:684 - Searching directory [/Users/keerati/Documents/untitled1/target/classes/com/ascend/tmn/scouter/controller] for files matching pattern [/Users/keerati/Documents/untitled1/target/classes/com/ascend/tmn/scouter/**/*.class]
2015-07-03 10:33:52 DEBUG PathMatchingResourcePatternResolver:684 - Searching directory [/Users/keerati/Documents/untitled1/target/classes/com/ascend/tmn/scouter/model] for files matching pattern [/Users/keerati/Documents/untitled1/target/classes/com/ascend/tmn/scouter/**/*.class]
2015-07-03 10:33:52 DEBUG PathMatchingResourcePatternResolver:684 - Searching directory [/Users/keerati/Documents/untitled1/target/classes/com/ascend/tmn/scouter/repository] for files matching pattern [/Users/keerati/Documents/untitled1/target/classes/com/ascend/tmn/scouter/**/*.class]
2015-07-03 10:33:52 DEBUG PathMatchingResourcePatternResolver:684 - Searching directory [/Users/keerati/Documents/untitled1/target/classes/com/ascend/tmn/scouter/service] for files matching pattern [/Users/keerati/Documents/untitled1/target/classes/com/ascend/tmn/scouter/**/*.class]
2015-07-03 10:33:52 DEBUG PathMatchingResourcePatternResolver:423 - Resolved location pattern [classpath*:com/ascend/tmn/scouter/**/*.class] to resources [file [/Users/keerati/Documents/untitled1/target/test-classes/com/ascend/tmn/scouter/AppTests.class], file [/Users/keerati/Documents/untitled1/target/test-classes/com/ascend/tmn/scouter/controller/LogSimulatorControllerTest.class], file [/Users/keerati/Documents/untitled1/target/classes/com/ascend/tmn/scouter/config/Configuration.class], file [/Users/keerati/Documents/untitled1/target/classes/com/ascend/tmn/scouter/controller/LogSimulatorController.class], file [/Users/keerati/Documents/untitled1/target/classes/com/ascend/tmn/scouter/model/KiosHibernateLog.class], file [/Users/keerati/Documents/untitled1/target/classes/com/ascend/tmn/scouter/model/KiosLog.class], file [/Users/keerati/Documents/untitled1/target/classes/com/ascend/tmn/scouter/model/PrepaidLog.class], file [/Users/keerati/Documents/untitled1/target/classes/com/ascend/tmn/scouter/repository/LogDAO.class], file [/Users/keerati/Documents/untitled1/target/classes/com/ascend/tmn/scouter/repository/LogDAOHibernateImpl.class], file [/Users/keerati/Documents/untitled1/target/classes/com/ascend/tmn/scouter/service/LogService.class], file [/Users/keerati/Documents/untitled1/target/classes/com/ascend/tmn/scouter/service/LogServiceImpl.class], file [/Users/keerati/Documents/untitled1/target/classes/com/ascend/tmn/scouter/service/LogSimulatorService.class], file [/Users/keerati/Documents/untitled1/target/classes/com/ascend/tmn/scouter/service/LogSimulatorServiceImpl.class], file [/Users/keerati/Documents/untitled1/target/classes/com/ascend/tmn/scouter/service/RobotCustomer.class]]
2015-07-03 10:33:52 DEBUG ClassPathBeanDefinitionScanner:286 - Identified candidate component class: file [/Users/keerati/Documents/untitled1/target/classes/com/ascend/tmn/scouter/config/Configuration.class]
2015-07-03 10:33:52 DEBUG ClassPathBeanDefinitionScanner:286 - Identified candidate component class: file [/Users/keerati/Documents/untitled1/target/classes/com/ascend/tmn/scouter/controller/LogSimulatorController.class]
2015-07-03 10:33:52 DEBUG ClassPathBeanDefinitionScanner:286 - Identified candidate component class: file [/Users/keerati/Documents/untitled1/target/classes/com/ascend/tmn/scouter/repository/LogDAOHibernateImpl.class]
2015-07-03 10:33:52 DEBUG ClassPathBeanDefinitionScanner:286 - Identified candidate component class: file [/Users/keerati/Documents/untitled1/target/classes/com/ascend/tmn/scouter/service/LogServiceImpl.class]
2015-07-03 10:33:52 DEBUG ClassPathBeanDefinitionScanner:286 - Identified candidate component class: file [/Users/keerati/Documents/untitled1/target/classes/com/ascend/tmn/scouter/service/LogSimulatorServiceImpl.class]
2015-07-03 10:33:52 DEBUG BeanDefinitionParserDelegate:495 - Neither XML &apos;id&apos; nor &apos;name&apos; specified - using generated bean name [org.springframework.web.servlet.view.InternalResourceViewResolver#0]
2015-07-03 10:33:52 DEBUG XmlBeanDefinitionReader:223 - Loaded 17 bean definitions from location pattern [file:src/main/webapp/WEB-INF/mvc-dispatcher-servlet.xml]
2015-07-03 10:33:52 INFO  GenericWebApplicationContext:510 - Refreshing org.springframework.web.context.support.GenericWebApplicationContext@76bfd849: startup date [Fri Jul 03 10:33:52 ICT 2015]; root of context hierarchy
2015-07-03 10:33:52 DEBUG StandardServletEnvironment:176 - Replacing [servletContextInitParams] PropertySource with [servletContextInitParams]
2015-07-03 10:33:52 DEBUG GenericWebApplicationContext:540 - Bean factory for org.springframework.web.context.support.GenericWebApplicationContext@76bfd849: org.springframework.beans.factory.support.DefaultListableBeanFactory@322d1ea9: defining beans [configuration,logSimulatorController,logDAOHibernateImpl,logServiceImpl,logSimulatorServiceImpl,org.springframework.context.annotation.internalConfigurationAnnotationProcessor,org.springframework.context.annotation.internalAutowiredAnnotationProcessor,org.springframework.context.annotation.internalRequiredAnnotationProcessor,org.springframework.context.annotation.internalCommonAnnotationProcessor,org.springframework.context.annotation.internalPersistenceAnnotationProcessor,org.springframework.context.support.PropertySourcesPlaceholderConfigurer#0,robotCustomer1,robotCustomer2,org.springframework.web.servlet.view.InternalResourceViewResolver#0,dataSource,hibernate4AnnotatedSessionFactory,transactionManager]; root of factory hierarchy
2015-07-03 10:33:52 DEBUG DefaultListableBeanFactory:220 - Creating shared instance of singleton bean &apos;org.springframework.context.annotation.internalConfigurationAnnotationProcessor&apos;
2015-07-03 10:33:52 DEBUG DefaultListableBeanFactory:450 - Creating instance of bean &apos;org.springframework.context.annotation.internalConfigurationAnnotationProcessor&apos;
2015-07-03 10:33:52 DEBUG DefaultListableBeanFactory:524 - Eagerly caching bean &apos;org.springframework.context.annotation.internalConfigurationAnnotationProcessor&apos; to allow for resolving potential circular references
2015-07-03 10:33:52 DEBUG DefaultListableBeanFactory:478 - Finished creating instance of bean &apos;org.springframework.context.annotation.internalConfigurationAnnotationProcessor&apos;
2015-07-03 10:33:52 DEBUG StandardServletEnvironment:111 - Adding [class path resource [database.properties]] PropertySource with lowest search precedence
2015-07-03 10:33:52 DEBUG AnnotationAttributesReadingVisitor:185 - Failed to class-load type while reading annotation metadata. This is a non-fatal error, but certain annotation metadata may be unavailable.
java.lang.ClassNotFoundException: java.lang.annotation.Repeatable
	at java.net.URLClassLoader$1.run(URLClassLoader.java:366)
	at java.net.URLClassLoader$1.run(URLClassLoader.java:355)
	at java.security.AccessController.doPrivileged(Native Method)
	at java.net.URLClassLoader.findClass(URLClassLoader.java:354)
	at java.lang.ClassLoader.loadClass(ClassLoader.java:425)
	at sun.misc.Launcher$AppClassLoader.loadClass(Launcher.java:308)
	at java.lang.ClassLoader.loadClass(ClassLoader.java:358)
	at org.springframework.core.type.classreading.RecursiveAnnotationAttributesVisitor.visitEnd(AnnotationAttributesReadingVisitor.java:181)
	at org.springframework.asm.ClassReader.readAnnotationValues(ClassReader.java:1788)
	at org.springframework.asm.ClassReader.accept(ClassReader.java:642)
	at org.springframework.asm.ClassReader.accept(ClassReader.java:508)
	at org.springframework.core.type.classreading.SimpleMetadataReader.&lt;init&gt;(SimpleMetadataReader.java:64)
	at org.springframework.core.type.classreading.SimpleMetadataReaderFactory.getMetadataReader(SimpleMetadataReaderFactory.java:82)
	at org.springframework.core.type.classreading.CachingMetadataReaderFactory.getMetadataReader(CachingMetadataReaderFactory.java:102)
	at org.springframework.core.type.classreading.SimpleMetadataReaderFactory.getMetadataReader(SimpleMetadataReaderFactory.java:77)
	at org.springframework.context.annotation.ConfigurationClassParser.asSourceClass(ConfigurationClassParser.java:588)
	at org.springframework.context.annotation.ConfigurationClassParser$SourceClass.getRelated(ConfigurationClassParser.java:803)
	at org.springframework.context.annotation.ConfigurationClassParser$SourceClass.getAnnotations(ConfigurationClassParser.java:766)
	at org.springframework.context.annotation.ConfigurationClassParser.collectImports(ConfigurationClassParser.java:410)
	at org.springframework.context.annotation.ConfigurationClassParser.getImports(ConfigurationClassParser.java:391)
	at org.springframework.context.annotation.ConfigurationClassParser.doProcessConfigurationClass(ConfigurationClassParser.java:274)
	at org.springframework.context.annotation.ConfigurationClassParser.processConfigurationClass(ConfigurationClassParser.java:228)
	at org.springframework.context.annotation.ConfigurationClassParser.parse(ConfigurationClassParser.java:186)
	at org.springframework.context.annotation.ConfigurationClassParser.parse(ConfigurationClassParser.java:165)
	at org.springframework.context.annotation.ConfigurationClassPostProcessor.processConfigBeanDefinitions(ConfigurationClassPostProcessor.java:306)
	at org.springframework.context.annotation.ConfigurationClassPostProcessor.postProcessBeanDefinitionRegistry(ConfigurationClassPostProcessor.java:239)
	at org.springframework.context.support.PostProcessorRegistrationDelegate.invokeBeanDefinitionRegistryPostProcessors(PostProcessorRegistrationDelegate.java:254)
	at org.springframework.context.support.PostProcessorRegistrationDelegate.invokeBeanFactoryPostProcessors(PostProcessorRegistrationDelegate.java:94)
	at org.springframework.context.support.AbstractApplicationContext.invokeBeanFactoryPostProcessors(AbstractApplicationContext.java:606)
	at org.springframework.context.support.AbstractApplicationContext.refresh(AbstractApplicationContext.java:462)
	at org.springframework.test.context.web.AbstractGenericWebContextLoader.loadContext(AbstractGenericWebContextLoader.java:132)
	at org.springframework.test.context.web.AbstractGenericWebContextLoader.loadContext(AbstractGenericWebContextLoader.java:59)
	at org.springframework.test.context.support.AbstractDelegatingSmartContextLoader.delegateLoading(AbstractDelegatingSmartContextLoader.java:108)
	at org.springframework.test.context.support.AbstractDelegatingSmartContextLoader.loadContext(AbstractDelegatingSmartContextLoader.java:260)
	at org.springframework.test.context.DefaultCacheAwareContextLoaderDelegate.loadContextInternal(DefaultCacheAwareContextLoaderDelegate.java:63)
	at org.springframework.test.context.DefaultCacheAwareContextLoaderDelegate.loadContext(DefaultCacheAwareContextLoaderDelegate.java:83)
	at org.springframework.test.context.DefaultTestContext.getApplicationContext(DefaultTestContext.java:74)
	at org.springframework.test.context.web.ServletTestExecutionListener.setUpRequestContextIfNecessary(ServletTestExecutionListener.java:169)
	at org.springframework.test.context.web.ServletTestExecutionListener.prepareTestInstance(ServletTestExecutionListener.java:109)
	at org.springframework.test.context.TestContextManager.prepareTestInstance(TestContextManager.java:212)
	at org.springframework.test.context.junit4.SpringJUnit4ClassRunner.createTest(SpringJUnit4ClassRunner.java:199)
	at org.springframework.test.context.junit4.SpringJUnit4ClassRunner$1.runReflectiveCall(SpringJUnit4ClassRunner.java:251)
	at org.junit.internal.runners.model.ReflectiveCallable.run(ReflectiveCallable.java:12)
	at org.springframework.test.context.junit4.SpringJUnit4ClassRunner.methodBlock(SpringJUnit4ClassRunner.java:253)
	at org.springframework.test.context.junit4.SpringJUnit4ClassRunner.runChild(SpringJUnit4ClassRunner.java:216)
	at org.springframework.test.context.junit4.SpringJUnit4ClassRunner.runChild(SpringJUnit4ClassRunner.java:82)
	at org.junit.runners.ParentRunner$3.run(ParentRunner.java:238)
	at org.junit.runners.ParentRunner$1.schedule(ParentRunner.java:63)
	at org.junit.runners.ParentRunner.runChildren(ParentRunner.java:236)
	at org.junit.runners.ParentRunner.access$000(ParentRunner.java:53)
	at org.junit.runners.ParentRunner$2.evaluate(ParentRunner.java:229)
	at org.springframework.test.context.junit4.statements.RunBeforeTestClassCallbacks.evaluate(RunBeforeTestClassCallbacks.java:60)
	at org.springframework.test.context.junit4.statements.RunAfterTestClassCallbacks.evaluate(RunAfterTestClassCallbacks.java:67)
	at org.junit.runners.ParentRunner.run(ParentRunner.java:309)
	at org.springframework.test.context.junit4.SpringJUnit4ClassRunner.run(SpringJUnit4ClassRunner.java:162)
	at org.apache.maven.surefire.junit4.JUnit4Provider.execute(JUnit4Provider.java:252)
	at org.apache.maven.surefire.junit4.JUnit4Provider.executeTestSet(JUnit4Provider.java:141)
	at org.apache.maven.surefire.junit4.JUnit4Provider.invoke(JUnit4Provider.java:112)
	at sun.reflect.NativeMethodAccessorImpl.invoke0(Native Method)
	at sun.reflect.NativeMethodAccessorImpl.invoke(NativeMethodAccessorImpl.java:57)
	at sun.reflect.DelegatingMethodAccessorImpl.invoke(DelegatingMethodAccessorImpl.java:43)
	at java.lang.reflect.Method.invoke(Method.java:606)
	at org.apache.maven.surefire.util.ReflectionUtils.invokeMethodWithArray(ReflectionUtils.java:189)
	at org.apache.maven.surefire.booter.ProviderFactory$ProviderProxy.invoke(ProviderFactory.java:165)
	at org.apache.maven.surefire.booter.ProviderFactory.invokeProvider(ProviderFactory.java:85)
	at org.apache.maven.surefire.booter.ForkedBooter.runSuitesInProcess(ForkedBooter.java:115)
	at org.apache.maven.surefire.booter.ForkedBooter.main(ForkedBooter.java:75)
2015-07-03 10:33:52 DEBUG StandardServletEnvironment:176 - Replacing [class path resource [database.properties]] PropertySource with [class path resource [database.properties]]
2015-07-03 10:33:52 DEBUG ConfigurationClassBeanDefinitionReader:163 - Registered bean definition for imported @Configuration class org.springframework.transaction.annotation.ProxyTransactionManagementConfiguration
2015-07-03 10:33:52 DEBUG ConfigurationClassBeanDefinitionReader:251 - Registering bean definition for @Bean method org.springframework.transaction.annotation.ProxyTransactionManagementConfiguration.org.springframework.transaction.config.internalTransactionAdvisor()
2015-07-03 10:33:52 DEBUG ConfigurationClassBeanDefinitionReader:251 - Registering bean definition for @Bean method org.springframework.transaction.annotation.ProxyTransactionManagementConfiguration.transactionAttributeSource()
2015-07-03 10:33:52 DEBUG ConfigurationClassBeanDefinitionReader:251 - Registering bean definition for @Bean method org.springframework.transaction.annotation.ProxyTransactionManagementConfiguration.transactionInterceptor()
2015-07-03 10:33:52 DEBUG ConfigurationClassEnhancer:102 - Successfully enhanced org.springframework.transaction.annotation.ProxyTransactionManagementConfiguration; enhanced class name is: org.springframework.transaction.annotation.ProxyTransactionManagementConfiguration$$EnhancerBySpringCGLIB$$f7a2fc77
2015-07-03 10:33:52 DEBUG ConfigurationClassPostProcessor:388 - Replacing bean definition &apos;org.springframework.transaction.annotation.ProxyTransactionManagementConfiguration&apos; existing class name &apos;org.springframework.transaction.annotation.ProxyTransactionManagementConfiguration&apos; with enhanced class name &apos;org.springframework.transaction.annotation.ProxyTransactionManagementConfiguration$$EnhancerBySpringCGLIB$$f7a2fc77&apos;
2015-07-03 10:33:52 DEBUG DefaultListableBeanFactory:220 - Creating shared instance of singleton bean &apos;org.springframework.context.support.PropertySourcesPlaceholderConfigurer#0&apos;
2015-07-03 10:33:52 DEBUG DefaultListableBeanFactory:450 - Creating instance of bean &apos;org.springframework.context.support.PropertySourcesPlaceholderConfigurer#0&apos;
2015-07-03 10:33:52 DEBUG DefaultListableBeanFactory:524 - Eagerly caching bean &apos;org.springframework.context.support.PropertySourcesPlaceholderConfigurer#0&apos; to allow for resolving potential circular references
2015-07-03 10:33:52 DEBUG DefaultListableBeanFactory:478 - Finished creating instance of bean &apos;org.springframework.context.support.PropertySourcesPlaceholderConfigurer#0&apos;
2015-07-03 10:33:52 DEBUG MutablePropertySources:111 - Adding [environmentProperties] PropertySource with lowest search precedence
2015-07-03 10:33:52 INFO  PropertySourcesPlaceholderConfigurer:172 - Loading properties file from URL [file:/Users/keerati/Documents/untitled1/target/classes/database.properties]
2015-07-03 10:33:52 DEBUG MutablePropertySources:111 - Adding [localProperties] PropertySource with lowest search precedence
2015-07-03 10:33:52 DEBUG PropertySourcesPropertyResolver:81 - Searching for key &apos;mysql.driver&apos; in [environmentProperties]
2015-07-03 10:33:52 DEBUG PropertySourcesPropertyResolver:81 - Searching for key &apos;mysql.driver&apos; in [servletConfigInitParams]
2015-07-03 10:33:52 DEBUG PropertySourcesPropertyResolver:81 - Searching for key &apos;mysql.driver&apos; in [servletContextInitParams]
2015-07-03 10:33:52 DEBUG PropertySourcesPropertyResolver:81 - Searching for key &apos;mysql.driver&apos; in [systemProperties]
2015-07-03 10:33:52 DEBUG PropertySourcesPropertyResolver:81 - Searching for key &apos;mysql.driver&apos; in [systemEnvironment]
2015-07-03 10:33:52 DEBUG PropertySourcesPropertyResolver:81 - Searching for key &apos;mysql.driver&apos; in [class path resource [database.properties]]
2015-07-03 10:33:52 DEBUG PropertySourcesPropertyResolver:90 - Found key &apos;mysql.driver&apos; in [class path resource [database.properties]] with type [String] and value &apos;com.mysql.jdbc.Driver&apos;
2015-07-03 10:33:52 DEBUG PropertySourcesPropertyResolver:90 - Found key &apos;mysql.driver&apos; in [environmentProperties] with type [String] and value &apos;com.mysql.jdbc.Driver&apos;
2015-07-03 10:33:52 DEBUG PropertySourcesPropertyResolver:81 - Searching for key &apos;mysql.url&apos; in [environmentProperties]
2015-07-03 10:33:52 DEBUG PropertySourcesPropertyResolver:81 - Searching for key &apos;mysql.url&apos; in [servletConfigInitParams]
2015-07-03 10:33:52 DEBUG PropertySourcesPropertyResolver:81 - Searching for key &apos;mysql.url&apos; in [servletContextInitParams]
2015-07-03 10:33:52 DEBUG PropertySourcesPropertyResolver:81 - Searching for key &apos;mysql.url&apos; in [systemProperties]
2015-07-03 10:33:52 DEBUG PropertySourcesPropertyResolver:81 - Searching for key &apos;mysql.url&apos; in [systemEnvironment]
2015-07-03 10:33:52 DEBUG PropertySourcesPropertyResolver:81 - Searching for key &apos;mysql.url&apos; in [class path resource [database.properties]]
2015-07-03 10:33:52 DEBUG PropertySourcesPropertyResolver:90 - Found key &apos;mysql.url&apos; in [class path resource [database.properties]] with type [String] and value &apos;jdbc:mysql://54.169.152.43:3306/log&apos;
2015-07-03 10:33:52 DEBUG PropertySourcesPropertyResolver:90 - Found key &apos;mysql.url&apos; in [environmentProperties] with type [String] and value &apos;jdbc:mysql://54.169.152.43:3306/log&apos;
2015-07-03 10:33:52 DEBUG PropertySourcesPropertyResolver:81 - Searching for key &apos;mysql.username&apos; in [environmentProperties]
2015-07-03 10:33:52 DEBUG PropertySourcesPropertyResolver:81 - Searching for key &apos;mysql.username&apos; in [servletConfigInitParams]
2015-07-03 10:33:52 DEBUG PropertySourcesPropertyResolver:81 - Searching for key &apos;mysql.username&apos; in [servletContextInitParams]
2015-07-03 10:33:52 DEBUG PropertySourcesPropertyResolver:81 - Searching for key &apos;mysql.username&apos; in [systemProperties]
2015-07-03 10:33:52 DEBUG PropertySourcesPropertyResolver:81 - Searching for key &apos;mysql.username&apos; in [systemEnvironment]
2015-07-03 10:33:52 DEBUG PropertySourcesPropertyResolver:81 - Searching for key &apos;mysql.username&apos; in [class path resource [database.properties]]
2015-07-03 10:33:52 DEBUG PropertySourcesPropertyResolver:90 - Found key &apos;mysql.username&apos; in [class path resource [database.properties]] with type [String] and value &apos;r&apos;
2015-07-03 10:33:52 DEBUG PropertySourcesPropertyResolver:90 - Found key &apos;mysql.username&apos; in [environmentProperties] with type [String] and value &apos;r&apos;
2015-07-03 10:33:52 DEBUG PropertySourcesPropertyResolver:81 - Searching for key &apos;mysql.password&apos; in [environmentProperties]
2015-07-03 10:33:52 DEBUG PropertySourcesPropertyResolver:81 - Searching for key &apos;mysql.password&apos; in [servletConfigInitParams]
2015-07-03 10:33:52 DEBUG PropertySourcesPropertyResolver:81 - Searching for key &apos;mysql.password&apos; in [servletContextInitParams]
2015-07-03 10:33:52 DEBUG PropertySourcesPropertyResolver:81 - Searching for key &apos;mysql.password&apos; in [systemProperties]
2015-07-03 10:33:52 DEBUG PropertySourcesPropertyResolver:81 - Searching for key &apos;mysql.password&apos; in [systemEnvironment]
2015-07-03 10:33:52 DEBUG PropertySourcesPropertyResolver:81 - Searching for key &apos;mysql.password&apos; in [class path resource [database.properties]]
2015-07-03 10:33:52 DEBUG PropertySourcesPropertyResolver:90 - Found key &apos;mysql.password&apos; in [class path resource [database.properties]] with type [String] and value &apos;root&apos;
2015-07-03 10:33:52 DEBUG PropertySourcesPropertyResolver:90 - Found key &apos;mysql.password&apos; in [environmentProperties] with type [String] and value &apos;root&apos;
2015-07-03 10:33:52 DEBUG DefaultListableBeanFactory:220 - Creating shared instance of singleton bean &apos;org.springframework.context.annotation.internalAutowiredAnnotationProcessor&apos;
2015-07-03 10:33:52 DEBUG DefaultListableBeanFactory:450 - Creating instance of bean &apos;org.springframework.context.annotation.internalAutowiredAnnotationProcessor&apos;
2015-07-03 10:33:52 DEBUG DefaultListableBeanFactory:524 - Eagerly caching bean &apos;org.springframework.context.annotation.internalAutowiredAnnotationProcessor&apos; to allow for resolving potential circular references
2015-07-03 10:33:52 DEBUG DefaultListableBeanFactory:478 - Finished creating instance of bean &apos;org.springframework.context.annotation.internalAutowiredAnnotationProcessor&apos;
2015-07-03 10:33:52 DEBUG DefaultListableBeanFactory:220 - Creating shared instance of singleton bean &apos;org.springframework.context.annotation.internalRequiredAnnotationProcessor&apos;
2015-07-03 10:33:52 DEBUG DefaultListableBeanFactory:450 - Creating instance of bean &apos;org.springframework.context.annotation.internalRequiredAnnotationProcessor&apos;
2015-07-03 10:33:52 DEBUG DefaultListableBeanFactory:524 - Eagerly caching bean &apos;org.springframework.context.annotation.internalRequiredAnnotationProcessor&apos; to allow for resolving potential circular references
2015-07-03 10:33:52 DEBUG DefaultListableBeanFactory:478 - Finished creating instance of bean &apos;org.springframework.context.annotation.internalRequiredAnnotationProcessor&apos;
2015-07-03 10:33:52 DEBUG DefaultListableBeanFactory:220 - Creating shared instance of singleton bean &apos;org.springframework.context.annotation.internalCommonAnnotationProcessor&apos;
2015-07-03 10:33:52 DEBUG DefaultListableBeanFactory:450 - Creating instance of bean &apos;org.springframework.context.annotation.internalCommonAnnotationProcessor&apos;
2015-07-03 10:33:52 DEBUG DefaultListableBeanFactory:524 - Eagerly caching bean &apos;org.springframework.context.annotation.internalCommonAnnotationProcessor&apos; to allow for resolving potential circular references
2015-07-03 10:33:52 DEBUG DefaultListableBeanFactory:478 - Finished creating instance of bean &apos;org.springframework.context.annotation.internalCommonAnnotationProcessor&apos;
2015-07-03 10:33:52 DEBUG DefaultListableBeanFactory:220 - Creating shared instance of singleton bean &apos;org.springframework.context.annotation.internalPersistenceAnnotationProcessor&apos;
2015-07-03 10:33:52 DEBUG DefaultListableBeanFactory:450 - Creating instance of bean &apos;org.springframework.context.annotation.internalPersistenceAnnotationProcessor&apos;
2015-07-03 10:33:52 DEBUG DefaultListableBeanFactory:524 - Eagerly caching bean &apos;org.springframework.context.annotation.internalPersistenceAnnotationProcessor&apos; to allow for resolving potential circular references
2015-07-03 10:33:52 DEBUG DefaultListableBeanFactory:478 - Finished creating instance of bean &apos;org.springframework.context.annotation.internalPersistenceAnnotationProcessor&apos;
2015-07-03 10:33:52 DEBUG DefaultListableBeanFactory:220 - Creating shared instance of singleton bean &apos;org.springframework.context.annotation.ConfigurationClassPostProcessor.importAwareProcessor&apos;
2015-07-03 10:33:52 DEBUG DefaultListableBeanFactory:450 - Creating instance of bean &apos;org.springframework.context.annotation.ConfigurationClassPostProcessor.importAwareProcessor&apos;
2015-07-03 10:33:52 DEBUG DefaultListableBeanFactory:524 - Eagerly caching bean &apos;org.springframework.context.annotation.ConfigurationClassPostProcessor.importAwareProcessor&apos; to allow for resolving potential circular references
2015-07-03 10:33:52 DEBUG DefaultListableBeanFactory:478 - Finished creating instance of bean &apos;org.springframework.context.annotation.ConfigurationClassPostProcessor.importAwareProcessor&apos;
2015-07-03 10:33:52 DEBUG DefaultListableBeanFactory:220 - Creating shared instance of singleton bean &apos;org.springframework.context.annotation.ConfigurationClassPostProcessor.enhancedConfigurationProcessor&apos;
2015-07-03 10:33:52 DEBUG DefaultListableBeanFactory:450 - Creating instance of bean &apos;org.springframework.context.annotation.ConfigurationClassPostProcessor.enhancedConfigurationProcessor&apos;
2015-07-03 10:33:52 DEBUG DefaultListableBeanFactory:524 - Eagerly caching bean &apos;org.springframework.context.annotation.ConfigurationClassPostProcessor.enhancedConfigurationProcessor&apos; to allow for resolving potential circular references
2015-07-03 10:33:52 DEBUG DefaultListableBeanFactory:478 - Finished creating instance of bean &apos;org.springframework.context.annotation.ConfigurationClassPostProcessor.enhancedConfigurationProcessor&apos;
2015-07-03 10:33:52 DEBUG DefaultListableBeanFactory:220 - Creating shared instance of singleton bean &apos;org.springframework.aop.config.internalAutoProxyCreator&apos;
2015-07-03 10:33:52 DEBUG DefaultListableBeanFactory:450 - Creating instance of bean &apos;org.springframework.aop.config.internalAutoProxyCreator&apos;
2015-07-03 10:33:52 DEBUG DefaultListableBeanFactory:524 - Eagerly caching bean &apos;org.springframework.aop.config.internalAutoProxyCreator&apos; to allow for resolving potential circular references
2015-07-03 10:33:52 DEBUG DefaultListableBeanFactory:478 - Finished creating instance of bean &apos;org.springframework.aop.config.internalAutoProxyCreator&apos;
2015-07-03 10:33:52 DEBUG GenericWebApplicationContext:646 - Unable to locate MessageSource with name &apos;messageSource&apos;: using default [org.springframework.context.support.DelegatingMessageSource@76e992d]
2015-07-03 10:33:52 DEBUG GenericWebApplicationContext:670 - Unable to locate ApplicationEventMulticaster with name &apos;applicationEventMulticaster&apos;: using default [org.springframework.context.event.SimpleApplicationEventMulticaster@285d8d24]
2015-07-03 10:33:52 DEBUG UiApplicationContextUtils:85 - Unable to locate ThemeSource with name &apos;themeSource&apos;: using default [org.springframework.ui.context.support.ResourceBundleThemeSource@62bc454f]
2015-07-03 10:33:52 DEBUG DefaultListableBeanFactory:691 - Pre-instantiating singletons in org.springframework.beans.factory.support.DefaultListableBeanFactory@322d1ea9: defining beans [configuration,logSimulatorController,logDAOHibernateImpl,logServiceImpl,logSimulatorServiceImpl,org.springframework.context.annotation.internalConfigurationAnnotationProcessor,org.springframework.context.annotation.internalAutowiredAnnotationProcessor,org.springframework.context.annotation.internalRequiredAnnotationProcessor,org.springframework.context.annotation.internalCommonAnnotationProcessor,org.springframework.context.annotation.internalPersistenceAnnotationProcessor,org.springframework.context.support.PropertySourcesPlaceholderConfigurer#0,robotCustomer1,robotCustomer2,org.springframework.web.servlet.view.InternalResourceViewResolver#0,dataSource,hibernate4AnnotatedSessionFactory,transactionManager,org.springframework.context.annotation.ConfigurationClassPostProcessor.importAwareProcessor,org.springframework.context.annotation.ConfigurationClassPostProcessor.enhancedConfigurationProcessor,org.springframework.transaction.annotation.ProxyTransactionManagementConfiguration,org.springframework.transaction.config.internalTransactionAdvisor,transactionAttributeSource,transactionInterceptor,org.springframework.aop.config.internalAutoProxyCreator]; root of factory hierarchy
2015-07-03 10:33:52 DEBUG DefaultListableBeanFactory:220 - Creating shared instance of singleton bean &apos;configuration&apos;
2015-07-03 10:33:52 DEBUG DefaultListableBeanFactory:450 - Creating instance of bean &apos;configuration&apos;
2015-07-03 10:33:52 DEBUG InjectionMetadata:71 - Registered injected element on class [com.ascend.tmn.scouter.config.Configuration]: AutowiredFieldElement for private java.lang.String com.ascend.tmn.scouter.config.Configuration.tableName
2015-07-03 10:33:52 DEBUG DefaultListableBeanFactory:524 - Eagerly caching bean &apos;configuration&apos; to allow for resolving potential circular references
2015-07-03 10:33:52 DEBUG InjectionMetadata:85 - Processing injected method of bean &apos;configuration&apos;: AutowiredFieldElement for private java.lang.String com.ascend.tmn.scouter.config.Configuration.tableName
2015-07-03 10:33:52 DEBUG PropertySourcesPropertyResolver:81 - Searching for key &apos;mysql.table&apos; in [environmentProperties]
2015-07-03 10:33:52 DEBUG PropertySourcesPropertyResolver:81 - Searching for key &apos;mysql.table&apos; in [servletConfigInitParams]
2015-07-03 10:33:52 DEBUG PropertySourcesPropertyResolver:81 - Searching for key &apos;mysql.table&apos; in [servletContextInitParams]
2015-07-03 10:33:52 DEBUG PropertySourcesPropertyResolver:81 - Searching for key &apos;mysql.table&apos; in [systemProperties]
2015-07-03 10:33:52 DEBUG PropertySourcesPropertyResolver:81 - Searching for key &apos;mysql.table&apos; in [systemEnvironment]
2015-07-03 10:33:52 DEBUG PropertySourcesPropertyResolver:81 - Searching for key &apos;mysql.table&apos; in [class path resource [database.properties]]
2015-07-03 10:33:52 DEBUG PropertySourcesPropertyResolver:90 - Found key &apos;mysql.table&apos; in [class path resource [database.properties]] with type [String] and value &apos;kios&apos;
2015-07-03 10:33:52 DEBUG PropertySourcesPropertyResolver:90 - Found key &apos;mysql.table&apos; in [environmentProperties] with type [String] and value &apos;kios&apos;
2015-07-03 10:33:52 DEBUG DefaultListableBeanFactory:220 - Creating shared instance of singleton bean &apos;org.springframework.transaction.config.internalTransactionAdvisor&apos;
2015-07-03 10:33:52 DEBUG DefaultListableBeanFactory:450 - Creating instance of bean &apos;org.springframework.transaction.config.internalTransactionAdvisor&apos;
2015-07-03 10:33:52 DEBUG DefaultListableBeanFactory:220 - Creating shared instance of singleton bean &apos;org.springframework.transaction.annotation.ProxyTransactionManagementConfiguration&apos;
2015-07-03 10:33:52 DEBUG DefaultListableBeanFactory:450 - Creating instance of bean &apos;org.springframework.transaction.annotation.ProxyTransactionManagementConfiguration&apos;
2015-07-03 10:33:52 DEBUG InjectionMetadata:71 - Registered injected element on class [org.springframework.transaction.annotation.ProxyTransactionManagementConfiguration$$EnhancerBySpringCGLIB$$f7a2fc77]: AutowiredMethodElement for void org.springframework.transaction.annotation.AbstractTransactionManagementConfiguration.setConfigurers(java.util.Collection)
2015-07-03 10:33:52 DEBUG DefaultListableBeanFactory:524 - Eagerly caching bean &apos;org.springframework.transaction.annotation.ProxyTransactionManagementConfiguration&apos; to allow for resolving potential circular references
2015-07-03 10:33:52 DEBUG InjectionMetadata:85 - Processing injected method of bean &apos;org.springframework.transaction.annotation.ProxyTransactionManagementConfiguration&apos;: AutowiredMethodElement for void org.springframework.transaction.annotation.AbstractTransactionManagementConfiguration.setConfigurers(java.util.Collection)
2015-07-03 10:33:52 DEBUG DefaultListableBeanFactory:247 - Returning cached instance of singleton bean &apos;org.springframework.context.annotation.ConfigurationClassPostProcessor.importRegistry&apos;
2015-07-03 10:33:52 DEBUG BeanFactoryAdvisorRetrievalHelper:87 - Skipping currently created advisor &apos;org.springframework.transaction.config.internalTransactionAdvisor&apos;
2015-07-03 10:33:52 DEBUG DefaultListableBeanFactory:478 - Finished creating instance of bean &apos;org.springframework.transaction.annotation.ProxyTransactionManagementConfiguration&apos;
2015-07-03 10:33:52 DEBUG DefaultListableBeanFactory:220 - Creating shared instance of singleton bean &apos;transactionAttributeSource&apos;
2015-07-03 10:33:52 DEBUG DefaultListableBeanFactory:450 - Creating instance of bean &apos;transactionAttributeSource&apos;
2015-07-03 10:33:52 DEBUG DefaultListableBeanFactory:247 - Returning cached instance of singleton bean &apos;org.springframework.transaction.annotation.ProxyTransactionManagementConfiguration&apos;
2015-07-03 10:33:52 DEBUG DefaultListableBeanFactory:524 - Eagerly caching bean &apos;transactionAttributeSource&apos; to allow for resolving potential circular references
2015-07-03 10:33:52 DEBUG BeanFactoryAdvisorRetrievalHelper:87 - Skipping currently created advisor &apos;org.springframework.transaction.config.internalTransactionAdvisor&apos;
2015-07-03 10:33:52 DEBUG DefaultListableBeanFactory:478 - Finished creating instance of bean &apos;transactionAttributeSource&apos;
2015-07-03 10:33:52 DEBUG DefaultListableBeanFactory:220 - Creating shared instance of singleton bean &apos;transactionInterceptor&apos;
2015-07-03 10:33:52 DEBUG DefaultListableBeanFactory:450 - Creating instance of bean &apos;transactionInterceptor&apos;
2015-07-03 10:33:52 DEBUG DefaultListableBeanFactory:247 - Returning cached instance of singleton bean &apos;org.springframework.transaction.annotation.ProxyTransactionManagementConfiguration&apos;
2015-07-03 10:33:52 DEBUG DefaultListableBeanFactory:247 - Returning cached instance of singleton bean &apos;transactionAttributeSource&apos;
2015-07-03 10:33:52 DEBUG DefaultListableBeanFactory:524 - Eagerly caching bean &apos;transactionInterceptor&apos; to allow for resolving potential circular references
2015-07-03 10:33:52 DEBUG DefaultListableBeanFactory:1610 - Invoking afterPropertiesSet() on bean with name &apos;transactionInterceptor&apos;
2015-07-03 10:33:52 DEBUG DefaultListableBeanFactory:478 - Finished creating instance of bean &apos;transactionInterceptor&apos;
2015-07-03 10:33:52 DEBUG DefaultListableBeanFactory:524 - Eagerly caching bean &apos;org.springframework.transaction.config.internalTransactionAdvisor&apos; to allow for resolving potential circular references
2015-07-03 10:33:52 DEBUG DefaultListableBeanFactory:478 - Finished creating instance of bean &apos;org.springframework.transaction.config.internalTransactionAdvisor&apos;
2015-07-03 10:33:52 DEBUG DefaultListableBeanFactory:478 - Finished creating instance of bean &apos;configuration&apos;
2015-07-03 10:33:52 DEBUG DefaultListableBeanFactory:220 - Creating shared instance of singleton bean &apos;logSimulatorController&apos;
2015-07-03 10:33:52 DEBUG DefaultListableBeanFactory:450 - Creating instance of bean &apos;logSimulatorController&apos;
2015-07-03 10:33:52 DEBUG InjectionMetadata:71 - Registered injected element on class [com.ascend.tmn.scouter.controller.LogSimulatorController]: AutowiredFieldElement for private com.ascend.tmn.scouter.service.LogService com.ascend.tmn.scouter.controller.LogSimulatorController.logService
2015-07-03 10:33:52 DEBUG InjectionMetadata:71 - Registered injected element on class [com.ascend.tmn.scouter.controller.LogSimulatorController]: AutowiredFieldElement for private com.ascend.tmn.scouter.service.RobotCustomer com.ascend.tmn.scouter.controller.LogSimulatorController.robotCustomer1
2015-07-03 10:33:52 DEBUG InjectionMetadata:71 - Registered injected element on class [com.ascend.tmn.scouter.controller.LogSimulatorController]: AutowiredFieldElement for private com.ascend.tmn.scouter.service.RobotCustomer com.ascend.tmn.scouter.controller.LogSimulatorController.robotCustomer2
2015-07-03 10:33:52 DEBUG DefaultListableBeanFactory:524 - Eagerly caching bean &apos;logSimulatorController&apos; to allow for resolving potential circular references
2015-07-03 10:33:52 DEBUG InjectionMetadata:85 - Processing injected method of bean &apos;logSimulatorController&apos;: AutowiredFieldElement for private com.ascend.tmn.scouter.service.LogService com.ascend.tmn.scouter.controller.LogSimulatorController.logService
2015-07-03 10:33:52 DEBUG DefaultListableBeanFactory:220 - Creating shared instance of singleton bean &apos;logServiceImpl&apos;
2015-07-03 10:33:52 DEBUG DefaultListableBeanFactory:450 - Creating instance of bean &apos;logServiceImpl&apos;
2015-07-03 10:33:52 DEBUG InjectionMetadata:71 - Registered injected element on class [com.ascend.tmn.scouter.service.LogServiceImpl]: AutowiredFieldElement for private com.ascend.tmn.scouter.repository.LogDAO com.ascend.tmn.scouter.service.LogServiceImpl.logDao
2015-07-03 10:33:52 DEBUG InjectionMetadata:71 - Registered injected element on class [com.ascend.tmn.scouter.service.LogServiceImpl]: AutowiredFieldElement for private com.ascend.tmn.scouter.config.Configuration com.ascend.tmn.scouter.service.LogServiceImpl.config
2015-07-03 10:33:52 DEBUG DefaultListableBeanFactory:524 - Eagerly caching bean &apos;logServiceImpl&apos; to allow for resolving potential circular references
2015-07-03 10:33:52 DEBUG InjectionMetadata:85 - Processing injected method of bean &apos;logServiceImpl&apos;: AutowiredFieldElement for private com.ascend.tmn.scouter.repository.LogDAO com.ascend.tmn.scouter.service.LogServiceImpl.logDao
2015-07-03 10:33:52 DEBUG DefaultListableBeanFactory:220 - Creating shared instance of singleton bean &apos;logDAOHibernateImpl&apos;
2015-07-03 10:33:52 DEBUG DefaultListableBeanFactory:450 - Creating instance of bean &apos;logDAOHibernateImpl&apos;
2015-07-03 10:33:52 DEBUG InjectionMetadata:71 - Registered injected element on class [com.ascend.tmn.scouter.repository.LogDAOHibernateImpl]: AutowiredFieldElement for private org.hibernate.SessionFactory com.ascend.tmn.scouter.repository.LogDAOHibernateImpl.sessionFactory
2015-07-03 10:33:52 DEBUG DefaultListableBeanFactory:524 - Eagerly caching bean &apos;logDAOHibernateImpl&apos; to allow for resolving potential circular references
2015-07-03 10:33:52 DEBUG InjectionMetadata:85 - Processing injected method of bean &apos;logDAOHibernateImpl&apos;: AutowiredFieldElement for private org.hibernate.SessionFactory com.ascend.tmn.scouter.repository.LogDAOHibernateImpl.sessionFactory
2015-07-03 10:33:52 DEBUG DefaultListableBeanFactory:220 - Creating shared instance of singleton bean &apos;hibernate4AnnotatedSessionFactory&apos;
2015-07-03 10:33:52 DEBUG DefaultListableBeanFactory:450 - Creating instance of bean &apos;hibernate4AnnotatedSessionFactory&apos;
2015-07-03 10:33:52 DEBUG DefaultListableBeanFactory:524 - Eagerly caching bean &apos;hibernate4AnnotatedSessionFactory&apos; to allow for resolving potential circular references
2015-07-03 10:33:52 DEBUG DefaultListableBeanFactory:220 - Creating shared instance of singleton bean &apos;dataSource&apos;
2015-07-03 10:33:52 DEBUG DefaultListableBeanFactory:450 - Creating instance of bean &apos;dataSource&apos;
2015-07-03 10:33:52 DEBUG DefaultListableBeanFactory:524 - Eagerly caching bean &apos;dataSource&apos; to allow for resolving potential circular references
2015-07-03 10:33:52 INFO  DriverManagerDataSource:133 - Loaded JDBC driver: com.mysql.jdbc.Driver
2015-07-03 10:33:52 DEBUG DefaultListableBeanFactory:247 - Returning cached instance of singleton bean &apos;org.springframework.transaction.config.internalTransactionAdvisor&apos;
2015-07-03 10:33:52 DEBUG DefaultListableBeanFactory:478 - Finished creating instance of bean &apos;dataSource&apos;
2015-07-03 10:33:52 DEBUG DefaultListableBeanFactory:1610 - Invoking afterPropertiesSet() on bean with name &apos;hibernate4AnnotatedSessionFactory&apos;
2015-07-03 10:33:53 DEBUG logging:192 - Logging Provider: org.jboss.logging.Log4jLoggerProvider
2015-07-03 10:33:53 DEBUG BasicTypeRegistry:146 - Adding type registration boolean -&gt; org.hibernate.type.BooleanType@7aab767d
2015-07-03 10:33:53 DEBUG BasicTypeRegistry:146 - Adding type registration boolean -&gt; org.hibernate.type.BooleanType@7aab767d
2015-07-03 10:33:53 DEBUG BasicTypeRegistry:146 - Adding type registration java.lang.Boolean -&gt; org.hibernate.type.BooleanType@7aab767d
2015-07-03 10:33:53 DEBUG BasicTypeRegistry:146 - Adding type registration numeric_boolean -&gt; org.hibernate.type.NumericBooleanType@5771c6d6
2015-07-03 10:33:53 DEBUG BasicTypeRegistry:146 - Adding type registration true_false -&gt; org.hibernate.type.TrueFalseType@6d5edea8
2015-07-03 10:33:53 DEBUG BasicTypeRegistry:146 - Adding type registration yes_no -&gt; org.hibernate.type.YesNoType@6b9b9f57
2015-07-03 10:33:53 DEBUG BasicTypeRegistry:146 - Adding type registration byte -&gt; org.hibernate.type.ByteType@67eae247
2015-07-03 10:33:53 DEBUG BasicTypeRegistry:146 - Adding type registration byte -&gt; org.hibernate.type.ByteType@67eae247
2015-07-03 10:33:53 DEBUG BasicTypeRegistry:146 - Adding type registration java.lang.Byte -&gt; org.hibernate.type.ByteType@67eae247
2015-07-03 10:33:53 DEBUG BasicTypeRegistry:146 - Adding type registration character -&gt; org.hibernate.type.CharacterType@263aa1bf
2015-07-03 10:33:53 DEBUG BasicTypeRegistry:146 - Adding type registration char -&gt; org.hibernate.type.CharacterType@263aa1bf
2015-07-03 10:33:53 DEBUG BasicTypeRegistry:146 - Adding type registration java.lang.Character -&gt; org.hibernate.type.CharacterType@263aa1bf
2015-07-03 10:33:53 DEBUG BasicTypeRegistry:146 - Adding type registration short -&gt; org.hibernate.type.ShortType@793df1ff
2015-07-03 10:33:53 DEBUG BasicTypeRegistry:146 - Adding type registration short -&gt; org.hibernate.type.ShortType@793df1ff
2015-07-03 10:33:53 DEBUG BasicTypeRegistry:146 - Adding type registration java.lang.Short -&gt; org.hibernate.type.ShortType@793df1ff
2015-07-03 10:33:53 DEBUG BasicTypeRegistry:146 - Adding type registration integer -&gt; org.hibernate.type.IntegerType@1f865b82
2015-07-03 10:33:53 DEBUG BasicTypeRegistry:146 - Adding type registration int -&gt; org.hibernate.type.IntegerType@1f865b82
2015-07-03 10:33:53 DEBUG BasicTypeRegistry:146 - Adding type registration java.lang.Integer -&gt; org.hibernate.type.IntegerType@1f865b82
2015-07-03 10:33:53 DEBUG BasicTypeRegistry:146 - Adding type registration long -&gt; org.hibernate.type.LongType@76f294c5
2015-07-03 10:33:53 DEBUG BasicTypeRegistry:146 - Adding type registration long -&gt; org.hibernate.type.LongType@76f294c5
2015-07-03 10:33:53 DEBUG BasicTypeRegistry:146 - Adding type registration java.lang.Long -&gt; org.hibernate.type.LongType@76f294c5
2015-07-03 10:33:53 DEBUG BasicTypeRegistry:146 - Adding type registration float -&gt; org.hibernate.type.FloatType@53b8aa1a
2015-07-03 10:33:53 DEBUG BasicTypeRegistry:146 - Adding type registration float -&gt; org.hibernate.type.FloatType@53b8aa1a
2015-07-03 10:33:53 DEBUG BasicTypeRegistry:146 - Adding type registration java.lang.Float -&gt; org.hibernate.type.FloatType@53b8aa1a
2015-07-03 10:33:53 DEBUG BasicTypeRegistry:146 - Adding type registration double -&gt; org.hibernate.type.DoubleType@1591295d
2015-07-03 10:33:53 DEBUG BasicTypeRegistry:146 - Adding type registration double -&gt; org.hibernate.type.DoubleType@1591295d
2015-07-03 10:33:53 DEBUG BasicTypeRegistry:146 - Adding type registration java.lang.Double -&gt; org.hibernate.type.DoubleType@1591295d
2015-07-03 10:33:53 DEBUG BasicTypeRegistry:146 - Adding type registration big_decimal -&gt; org.hibernate.type.BigDecimalType@123fd032
2015-07-03 10:33:53 DEBUG BasicTypeRegistry:146 - Adding type registration java.math.BigDecimal -&gt; org.hibernate.type.BigDecimalType@123fd032
2015-07-03 10:33:53 DEBUG BasicTypeRegistry:146 - Adding type registration big_integer -&gt; org.hibernate.type.BigIntegerType@a8b228a
2015-07-03 10:33:53 DEBUG BasicTypeRegistry:146 - Adding type registration java.math.BigInteger -&gt; org.hibernate.type.BigIntegerType@a8b228a
2015-07-03 10:33:53 DEBUG BasicTypeRegistry:146 - Adding type registration string -&gt; org.hibernate.type.StringType@7b93372
2015-07-03 10:33:53 DEBUG BasicTypeRegistry:146 - Adding type registration java.lang.String -&gt; org.hibernate.type.StringType@7b93372
2015-07-03 10:33:53 DEBUG BasicTypeRegistry:146 - Adding type registration nstring -&gt; org.hibernate.type.StringNVarcharType@29bb22a0
2015-07-03 10:33:53 DEBUG BasicTypeRegistry:146 - Adding type registration ncharacter -&gt; org.hibernate.type.CharacterNCharType@2f555d7c
2015-07-03 10:33:53 DEBUG BasicTypeRegistry:146 - Adding type registration url -&gt; org.hibernate.type.UrlType@57d4f95b
2015-07-03 10:33:53 DEBUG BasicTypeRegistry:146 - Adding type registration java.net.URL -&gt; org.hibernate.type.UrlType@57d4f95b
2015-07-03 10:33:53 DEBUG BasicTypeRegistry:146 - Adding type registration date -&gt; org.hibernate.type.DateType@3e873630
2015-07-03 10:33:53 DEBUG BasicTypeRegistry:146 - Adding type registration java.sql.Date -&gt; org.hibernate.type.DateType@3e873630
2015-07-03 10:33:53 DEBUG BasicTypeRegistry:146 - Adding type registration time -&gt; org.hibernate.type.TimeType@259f6cf5
2015-07-03 10:33:53 DEBUG BasicTypeRegistry:146 - Adding type registration java.sql.Time -&gt; org.hibernate.type.TimeType@259f6cf5
2015-07-03 10:33:53 DEBUG BasicTypeRegistry:146 - Adding type registration timestamp -&gt; org.hibernate.type.TimestampType@3c90cbce
2015-07-03 10:33:53 DEBUG BasicTypeRegistry:146 - Adding type registration java.sql.Timestamp -&gt; org.hibernate.type.TimestampType@3c90cbce
2015-07-03 10:33:53 DEBUG BasicTypeRegistry:146 - Adding type registration java.util.Date -&gt; org.hibernate.type.TimestampType@3c90cbce
2015-07-03 10:33:53 DEBUG BasicTypeRegistry:146 - Adding type registration dbtimestamp -&gt; org.hibernate.type.DbTimestampType@3e1f95a9
2015-07-03 10:33:53 DEBUG BasicTypeRegistry:146 - Adding type registration calendar -&gt; org.hibernate.type.CalendarType@35ce8a4c
2015-07-03 10:33:53 DEBUG BasicTypeRegistry:146 - Adding type registration java.util.Calendar -&gt; org.hibernate.type.CalendarType@35ce8a4c
2015-07-03 10:33:53 DEBUG BasicTypeRegistry:146 - Adding type registration java.util.GregorianCalendar -&gt; org.hibernate.type.CalendarType@35ce8a4c
2015-07-03 10:33:53 DEBUG BasicTypeRegistry:146 - Adding type registration calendar_date -&gt; org.hibernate.type.CalendarDateType@1ac7f24f
2015-07-03 10:33:53 DEBUG BasicTypeRegistry:146 - Adding type registration locale -&gt; org.hibernate.type.LocaleType@40fdf173
2015-07-03 10:33:53 DEBUG BasicTypeRegistry:146 - Adding type registration java.util.Locale -&gt; org.hibernate.type.LocaleType@40fdf173
2015-07-03 10:33:53 DEBUG BasicTypeRegistry:146 - Adding type registration currency -&gt; org.hibernate.type.CurrencyType@78df509f
2015-07-03 10:33:53 DEBUG BasicTypeRegistry:146 - Adding type registration java.util.Currency -&gt; org.hibernate.type.CurrencyType@78df509f
2015-07-03 10:33:53 DEBUG BasicTypeRegistry:146 - Adding type registration timezone -&gt; org.hibernate.type.TimeZoneType@757a15c8
2015-07-03 10:33:53 DEBUG BasicTypeRegistry:146 - Adding type registration java.util.TimeZone -&gt; org.hibernate.type.TimeZoneType@757a15c8
2015-07-03 10:33:53 DEBUG BasicTypeRegistry:146 - Adding type registration class -&gt; org.hibernate.type.ClassType@56ec4221
2015-07-03 10:33:53 DEBUG BasicTypeRegistry:146 - Adding type registration java.lang.Class -&gt; org.hibernate.type.ClassType@56ec4221
2015-07-03 10:33:53 DEBUG BasicTypeRegistry:146 - Adding type registration uuid-binary -&gt; org.hibernate.type.UUIDBinaryType@2fb3260
2015-07-03 10:33:53 DEBUG BasicTypeRegistry:146 - Adding type registration java.util.UUID -&gt; org.hibernate.type.UUIDBinaryType@2fb3260
2015-07-03 10:33:53 DEBUG BasicTypeRegistry:146 - Adding type registration uuid-char -&gt; org.hibernate.type.UUIDCharType@15e7a880
2015-07-03 10:33:53 DEBUG BasicTypeRegistry:146 - Adding type registration pg-uuid -&gt; org.hibernate.type.PostgresUUIDType@d3ceb07
2015-07-03 10:33:53 DEBUG BasicTypeRegistry:146 - Adding type registration binary -&gt; org.hibernate.type.BinaryType@657f6c43
2015-07-03 10:33:53 DEBUG BasicTypeRegistry:146 - Adding type registration byte[] -&gt; org.hibernate.type.BinaryType@657f6c43
2015-07-03 10:33:53 DEBUG BasicTypeRegistry:146 - Adding type registration [B -&gt; org.hibernate.type.BinaryType@657f6c43
2015-07-03 10:33:53 DEBUG BasicTypeRegistry:146 - Adding type registration wrapper-binary -&gt; org.hibernate.type.WrapperBinaryType@54fd6b16
2015-07-03 10:33:53 DEBUG BasicTypeRegistry:146 - Adding type registration Byte[] -&gt; org.hibernate.type.WrapperBinaryType@54fd6b16
2015-07-03 10:33:53 DEBUG BasicTypeRegistry:146 - Adding type registration [Ljava.lang.Byte; -&gt; org.hibernate.type.WrapperBinaryType@54fd6b16
2015-07-03 10:33:53 DEBUG BasicTypeRegistry:146 - Adding type registration image -&gt; org.hibernate.type.ImageType@7888a8ee
2015-07-03 10:33:53 DEBUG BasicTypeRegistry:146 - Adding type registration characters -&gt; org.hibernate.type.CharArrayType@30799905
2015-07-03 10:33:53 DEBUG BasicTypeRegistry:146 - Adding type registration char[] -&gt; org.hibernate.type.CharArrayType@30799905
2015-07-03 10:33:53 DEBUG BasicTypeRegistry:146 - Adding type registration [C -&gt; org.hibernate.type.CharArrayType@30799905
2015-07-03 10:33:53 DEBUG BasicTypeRegistry:146 - Adding type registration wrapper-characters -&gt; org.hibernate.type.CharacterArrayType@641c692b
2015-07-03 10:33:53 DEBUG BasicTypeRegistry:146 - Adding type registration [Ljava.lang.Character; -&gt; org.hibernate.type.CharacterArrayType@641c692b
2015-07-03 10:33:53 DEBUG BasicTypeRegistry:146 - Adding type registration Character[] -&gt; org.hibernate.type.CharacterArrayType@641c692b
2015-07-03 10:33:53 DEBUG BasicTypeRegistry:146 - Adding type registration text -&gt; org.hibernate.type.TextType@484eff79
2015-07-03 10:33:53 DEBUG BasicTypeRegistry:146 - Adding type registration ntext -&gt; org.hibernate.type.NTextType@27dad48d
2015-07-03 10:33:53 DEBUG BasicTypeRegistry:146 - Adding type registration blob -&gt; org.hibernate.type.BlobType@6829d82d
2015-07-03 10:33:53 DEBUG BasicTypeRegistry:146 - Adding type registration java.sql.Blob -&gt; org.hibernate.type.BlobType@6829d82d
2015-07-03 10:33:53 DEBUG BasicTypeRegistry:146 - Adding type registration materialized_blob -&gt; org.hibernate.type.MaterializedBlobType@5ae3a20c
2015-07-03 10:33:53 DEBUG BasicTypeRegistry:146 - Adding type registration clob -&gt; org.hibernate.type.ClobType@69a79533
2015-07-03 10:33:53 DEBUG BasicTypeRegistry:146 - Adding type registration java.sql.Clob -&gt; org.hibernate.type.ClobType@69a79533
2015-07-03 10:33:53 DEBUG BasicTypeRegistry:146 - Adding type registration nclob -&gt; org.hibernate.type.NClobType@10b2d5e4
2015-07-03 10:33:53 DEBUG BasicTypeRegistry:146 - Adding type registration java.sql.NClob -&gt; org.hibernate.type.NClobType@10b2d5e4
2015-07-03 10:33:53 DEBUG BasicTypeRegistry:146 - Adding type registration materialized_clob -&gt; org.hibernate.type.MaterializedClobType@5b4017cf
2015-07-03 10:33:53 DEBUG BasicTypeRegistry:146 - Adding type registration materialized_nclob -&gt; org.hibernate.type.MaterializedNClobType@62cd8e1f
2015-07-03 10:33:53 DEBUG BasicTypeRegistry:146 - Adding type registration serializable -&gt; org.hibernate.type.SerializableType@4ec88c68
2015-07-03 10:33:53 DEBUG BasicTypeRegistry:146 - Adding type registration object -&gt; org.hibernate.type.ObjectType@1084027e
2015-07-03 10:33:53 DEBUG BasicTypeRegistry:146 - Adding type registration java.lang.Object -&gt; org.hibernate.type.ObjectType@1084027e
2015-07-03 10:33:53 DEBUG BasicTypeRegistry:146 - Adding type registration imm_date -&gt; org.hibernate.type.AdaptedImmutableType@41e69be8
2015-07-03 10:33:53 DEBUG BasicTypeRegistry:146 - Adding type registration imm_time -&gt; org.hibernate.type.AdaptedImmutableType@b05be25
2015-07-03 10:33:53 DEBUG BasicTypeRegistry:146 - Adding type registration imm_timestamp -&gt; org.hibernate.type.AdaptedImmutableType@260674ca
2015-07-03 10:33:53 DEBUG BasicTypeRegistry:146 - Adding type registration imm_dbtimestamp -&gt; org.hibernate.type.AdaptedImmutableType@71dd8d46
2015-07-03 10:33:53 DEBUG BasicTypeRegistry:146 - Adding type registration imm_calendar -&gt; org.hibernate.type.AdaptedImmutableType@8662911
2015-07-03 10:33:53 DEBUG BasicTypeRegistry:146 - Adding type registration imm_calendar_date -&gt; org.hibernate.type.AdaptedImmutableType@6b121f65
2015-07-03 10:33:53 DEBUG BasicTypeRegistry:146 - Adding type registration imm_binary -&gt; org.hibernate.type.AdaptedImmutableType@72cb56cd
2015-07-03 10:33:53 DEBUG BasicTypeRegistry:146 - Adding type registration imm_serializable -&gt; org.hibernate.type.AdaptedImmutableType@3afe79c
2015-07-03 10:33:53 INFO  Version:66 - HCANN000001: Hibernate Commons Annotations {4.0.4.Final}
2015-07-03 10:33:53 INFO  Version:54 - HHH000412: Hibernate Core {4.3.5.Final}
2015-07-03 10:33:53 INFO  Environment:239 - HHH000206: hibernate.properties not found
2015-07-03 10:33:53 INFO  Environment:346 - HHH000021: Bytecode provider name : javassist
2015-07-03 10:33:53 DEBUG DefaultIdentifierGeneratorFactory:93 - Registering IdentifierGenerator strategy [uuid2] -&gt; [org.hibernate.id.UUIDGenerator]
2015-07-03 10:33:53 DEBUG DefaultIdentifierGeneratorFactory:93 - Registering IdentifierGenerator strategy [guid] -&gt; [org.hibernate.id.GUIDGenerator]
2015-07-03 10:33:53 DEBUG DefaultIdentifierGeneratorFactory:93 - Registering IdentifierGenerator strategy [uuid] -&gt; [org.hibernate.id.UUIDHexGenerator]
2015-07-03 10:33:53 DEBUG DefaultIdentifierGeneratorFactory:93 - Registering IdentifierGenerator strategy [uuid.hex] -&gt; [org.hibernate.id.UUIDHexGenerator]
2015-07-03 10:33:53 DEBUG DefaultIdentifierGeneratorFactory:93 - Registering IdentifierGenerator strategy [hilo] -&gt; [org.hibernate.id.TableHiLoGenerator]
2015-07-03 10:33:53 DEBUG DefaultIdentifierGeneratorFactory:93 - Registering IdentifierGenerator strategy [assigned] -&gt; [org.hibernate.id.Assigned]
2015-07-03 10:33:53 DEBUG DefaultIdentifierGeneratorFactory:93 - Registering IdentifierGenerator strategy [identity] -&gt; [org.hibernate.id.IdentityGenerator]
2015-07-03 10:33:53 DEBUG DefaultIdentifierGeneratorFactory:93 - Registering IdentifierGenerator strategy [select] -&gt; [org.hibernate.id.SelectGenerator]
2015-07-03 10:33:53 DEBUG DefaultIdentifierGeneratorFactory:93 - Registering IdentifierGenerator strategy [sequence] -&gt; [org.hibernate.id.SequenceGenerator]
2015-07-03 10:33:53 DEBUG DefaultIdentifierGeneratorFactory:93 - Registering IdentifierGenerator strategy [seqhilo] -&gt; [org.hibernate.id.SequenceHiLoGenerator]
2015-07-03 10:33:53 DEBUG DefaultIdentifierGeneratorFactory:93 - Registering IdentifierGenerator strategy [increment] -&gt; [org.hibernate.id.IncrementGenerator]
2015-07-03 10:33:53 DEBUG DefaultIdentifierGeneratorFactory:93 - Registering IdentifierGenerator strategy [foreign] -&gt; [org.hibernate.id.ForeignGenerator]
2015-07-03 10:33:53 DEBUG DefaultIdentifierGeneratorFactory:93 - Registering IdentifierGenerator strategy [sequence-identity] -&gt; [org.hibernate.id.SequenceIdentityGenerator]
[...]
2015-07-03 10:35:09 DEBUG BeanNameUrlHandlerMapping:86 - Rejected bean name &apos;robotCustomer2&apos;: no URL paths identified
2015-07-03 10:35:09 DEBUG BeanNameUrlHandlerMapping:86 - Rejected bean name &apos;org.springframework.web.servlet.view.InternalResourceViewResolver#0&apos;: no URL paths identified
2015-07-03 10:35:09 DEBUG BeanNameUrlHandlerMapping:86 - Rejected bean name &apos;dataSource&apos;: no URL paths identified
2015-07-03 10:35:09 DEBUG BeanNameUrlHandlerMapping:86 - Rejected bean name &apos;hibernate4AnnotatedSessionFactory&apos;: no URL paths identified
2015-07-03 10:35:09 DEBUG BeanNameUrlHandlerMapping:86 - Rejected bean name &apos;transactionManager&apos;: no URL paths identified
2015-07-03 10:35:09 DEBUG BeanNameUrlHandlerMapping:86 - Rejected bean name &apos;org.springframework.context.annotation.ConfigurationClassPostProcessor.importAwareProcessor&apos;: no URL paths identified
2015-07-03 10:35:09 DEBUG BeanNameUrlHandlerMapping:86 - Rejected bean name &apos;org.springframework.context.annotation.ConfigurationClassPostProcessor.enhancedConfigurationProcessor&apos;: no URL paths identified
2015-07-03 10:35:09 DEBUG BeanNameUrlHandlerMapping:86 - Rejected bean name &apos;org.springframework.transaction.annotation.ProxyTransactionManagementConfiguration&apos;: no URL paths identified
2015-07-03 10:35:09 DEBUG BeanNameUrlHandlerMapping:86 - Rejected bean name &apos;org.springframework.transaction.config.internalTransactionAdvisor&apos;: no URL paths identified
2015-07-03 10:35:09 DEBUG BeanNameUrlHandlerMapping:86 - Rejected bean name &apos;transactionAttributeSource&apos;: no URL paths identified
2015-07-03 10:35:09 DEBUG BeanNameUrlHandlerMapping:86 - Rejected bean name &apos;transactionInterceptor&apos;: no URL paths identified
2015-07-03 10:35:09 DEBUG BeanNameUrlHandlerMapping:86 - Rejected bean name &apos;org.springframework.aop.config.internalAutoProxyCreator&apos;: no URL paths identified
2015-07-03 10:35:09 DEBUG BeanNameUrlHandlerMapping:86 - Rejected bean name &apos;environment&apos;: no URL paths identified
2015-07-03 10:35:09 DEBUG BeanNameUrlHandlerMapping:86 - Rejected bean name &apos;systemProperties&apos;: no URL paths identified
2015-07-03 10:35:09 DEBUG BeanNameUrlHandlerMapping:86 - Rejected bean name &apos;systemEnvironment&apos;: no URL paths identified
2015-07-03 10:35:09 DEBUG BeanNameUrlHandlerMapping:86 - Rejected bean name &apos;servletContext&apos;: no URL paths identified
2015-07-03 10:35:09 DEBUG BeanNameUrlHandlerMapping:86 - Rejected bean name &apos;contextParameters&apos;: no URL paths identified
2015-07-03 10:35:09 DEBUG BeanNameUrlHandlerMapping:86 - Rejected bean name &apos;contextAttributes&apos;: no URL paths identified
2015-07-03 10:35:09 DEBUG BeanNameUrlHandlerMapping:86 - Rejected bean name &apos;org.springframework.context.annotation.ConfigurationClassPostProcessor.importRegistry&apos;: no URL paths identified
2015-07-03 10:35:09 DEBUG BeanNameUrlHandlerMapping:86 - Rejected bean name &apos;messageSource&apos;: no URL paths identified
2015-07-03 10:35:09 DEBUG BeanNameUrlHandlerMapping:86 - Rejected bean name &apos;applicationEventMulticaster&apos;: no URL paths identified
2015-07-03 10:35:09 DEBUG BeanNameUrlHandlerMapping:86 - Rejected bean name &apos;lifecycleProcessor&apos;: no URL paths identified
2015-07-03 10:35:09 DEBUG DefaultListableBeanFactory:247 - Returning cached instance of singleton bean &apos;org.springframework.transaction.config.internalTransactionAdvisor&apos;
2015-07-03 10:35:09 DEBUG DefaultListableBeanFactory:478 - Finished creating instance of bean &apos;org.springframework.web.servlet.handler.BeanNameUrlHandlerMapping&apos;
2015-07-03 10:35:09 DEBUG DefaultListableBeanFactory:450 - Creating instance of bean &apos;org.springframework.web.servlet.mvc.annotation.DefaultAnnotationHandlerMapping&apos;
2015-07-03 10:35:09 DEBUG DefaultAnnotationHandlerMapping:71 - Looking for URL mappings in application context: org.springframework.web.context.support.GenericWebApplicationContext@76bfd849: startup date [Fri Jul 03 10:33:52 ICT 2015]; root of context hierarchy
2015-07-03 10:35:09 DEBUG DefaultAnnotationHandlerMapping:86 - Rejected bean name &apos;configuration&apos;: no URL paths identified
2015-07-03 10:35:09 DEBUG DefaultListableBeanFactory:247 - Returning cached instance of singleton bean &apos;logSimulatorController&apos;
2015-07-03 10:35:09 INFO  DefaultAnnotationHandlerMapping:315 - Mapped URL path [//generateLog] onto handler &apos;logSimulatorController&apos;
2015-07-03 10:35:09 DEBUG DefaultListableBeanFactory:247 - Returning cached instance of singleton bean &apos;logSimulatorController&apos;
2015-07-03 10:35:09 INFO  DefaultAnnotationHandlerMapping:315 - Mapped URL path [//generateLog.*] onto handler &apos;logSimulatorController&apos;
2015-07-03 10:35:09 DEBUG DefaultListableBeanFactory:247 - Returning cached instance of singleton bean &apos;logSimulatorController&apos;
2015-07-03 10:35:09 INFO  DefaultAnnotationHandlerMapping:315 - Mapped URL path [//generateLog/] onto handler &apos;logSimulatorController&apos;
2015-07-03 10:35:09 DEBUG DefaultListableBeanFactory:247 - Returning cached instance of singleton bean &apos;logSimulatorController&apos;
2015-07-03 10:35:09 INFO  DefaultAnnotationHandlerMapping:302 - Root mapping to handler &apos;logSimulatorController&apos;
2015-07-03 10:35:09 DEBUG DefaultAnnotationHandlerMapping:86 - Rejected bean name &apos;logDAOHibernateImpl&apos;: no URL paths identified
2015-07-03 10:35:09 DEBUG DefaultAnnotationHandlerMapping:86 - Rejected bean name &apos;logServiceImpl&apos;: no URL paths identified
2015-07-03 10:35:09 DEBUG DefaultAnnotationHandlerMapping:86 - Rejected bean name &apos;logSimulatorServiceImpl&apos;: no URL paths identified
2015-07-03 10:35:09 DEBUG DefaultAnnotationHandlerMapping:86 - Rejected bean name &apos;org.springframework.context.annotation.internalConfigurationAnnotationProcessor&apos;: no URL paths identified
2015-07-03 10:35:09 DEBUG DefaultAnnotationHandlerMapping:86 - Rejected bean name &apos;org.springframework.context.annotation.internalAutowiredAnnotationProcessor&apos;: no URL paths identified
2015-07-03 10:35:09 DEBUG DefaultAnnotationHandlerMapping:86 - Rejected bean name &apos;org.springframework.context.annotation.internalRequiredAnnotationProcessor&apos;: no URL paths identified
2015-07-03 10:35:09 DEBUG DefaultAnnotationHandlerMapping:86 - Rejected bean name &apos;org.springframework.context.annotation.internalCommonAnnotationProcessor&apos;: no URL paths identified
2015-07-03 10:35:09 DEBUG DefaultAnnotationHandlerMapping:86 - Rejected bean name &apos;org.springframework.context.annotation.internalPersistenceAnnotationProcessor&apos;: no URL paths identified
2015-07-03 10:35:09 DEBUG DefaultAnnotationHandlerMapping:86 - Rejected bean name &apos;org.springframework.context.support.PropertySourcesPlaceholderConfigurer#0&apos;: no URL paths identified
2015-07-03 10:35:09 DEBUG DefaultAnnotationHandlerMapping:86 - Rejected bean name &apos;robotCustomer1&apos;: no URL paths identified
2015-07-03 10:35:09 DEBUG DefaultAnnotationHandlerMapping:86 - Rejected bean name &apos;robotCustomer2&apos;: no URL paths identified
2015-07-03 10:35:09 DEBUG DefaultAnnotationHandlerMapping:86 - Rejected bean name &apos;org.springframework.web.servlet.view.InternalResourceViewResolver#0&apos;: no URL paths identified
2015-07-03 10:35:09 DEBUG DefaultAnnotationHandlerMapping:86 - Rejected bean name &apos;dataSource&apos;: no URL paths identified
2015-07-03 10:35:09 DEBUG DefaultAnnotationHandlerMapping:86 - Rejected bean name &apos;hibernate4AnnotatedSessionFactory&apos;: no URL paths identified
2015-07-03 10:35:09 DEBUG DefaultAnnotationHandlerMapping:86 - Rejected bean name &apos;transactionManager&apos;: no URL paths identified
2015-07-03 10:35:09 DEBUG DefaultAnnotationHandlerMapping:86 - Rejected bean name &apos;org.springframework.context.annotation.ConfigurationClassPostProcessor.importAwareProcessor&apos;: no URL paths identified
2015-07-03 10:35:09 DEBUG DefaultAnnotationHandlerMapping:86 - Rejected bean name &apos;org.springframework.context.annotation.ConfigurationClassPostProcessor.enhancedConfigurationProcessor&apos;: no URL paths identified
2015-07-03 10:35:09 DEBUG DefaultAnnotationHandlerMapping:86 - Rejected bean name &apos;org.springframework.transaction.annotation.ProxyTransactionManagementConfiguration&apos;: no URL paths identified
2015-07-03 10:35:09 DEBUG DefaultAnnotationHandlerMapping:86 - Rejected bean name &apos;org.springframework.transaction.config.internalTransactionAdvisor&apos;: no URL paths identified
2015-07-03 10:35:09 DEBUG DefaultAnnotationHandlerMapping:86 - Rejected bean name &apos;transactionAttributeSource&apos;: no URL paths identified
2015-07-03 10:35:09 DEBUG DefaultAnnotationHandlerMapping:86 - Rejected bean name &apos;transactionInterceptor&apos;: no URL paths identified
2015-07-03 10:35:09 DEBUG DefaultAnnotationHandlerMapping:86 - Rejected bean name &apos;org.springframework.aop.config.internalAutoProxyCreator&apos;: no URL paths identified
2015-07-03 10:35:09 DEBUG DefaultAnnotationHandlerMapping:86 - Rejected bean name &apos;environment&apos;: no URL paths identified
2015-07-03 10:35:09 DEBUG DefaultAnnotationHandlerMapping:86 - Rejected bean name &apos;systemProperties&apos;: no URL paths identified
2015-07-03 10:35:09 DEBUG DefaultAnnotationHandlerMapping:86 - Rejected bean name &apos;systemEnvironment&apos;: no URL paths identified
2015-07-03 10:35:09 DEBUG DefaultAnnotationHandlerMapping:86 - Rejected bean name &apos;servletContext&apos;: no URL paths identified
2015-07-03 10:35:09 DEBUG DefaultAnnotationHandlerMapping:86 - Rejected bean name &apos;contextParameters&apos;: no URL paths identified
2015-07-03 10:35:09 DEBUG DefaultAnnotationHandlerMapping:86 - Rejected bean name &apos;contextAttributes&apos;: no URL paths identified
2015-07-03 10:35:09 DEBUG DefaultAnnotationHandlerMapping:86 - Rejected bean name &apos;org.springframework.context.annotation.ConfigurationClassPostProcessor.importRegistry&apos;: no URL paths identified
2015-07-03 10:35:09 DEBUG DefaultAnnotationHandlerMapping:86 - Rejected bean name &apos;messageSource&apos;: no URL paths identified
2015-07-03 10:35:09 DEBUG DefaultAnnotationHandlerMapping:86 - Rejected bean name &apos;applicationEventMulticaster&apos;: no URL paths identified
2015-07-03 10:35:09 DEBUG DefaultAnnotationHandlerMapping:86 - Rejected bean name &apos;lifecycleProcessor&apos;: no URL paths identified
2015-07-03 10:35:09 DEBUG DefaultListableBeanFactory:247 - Returning cached instance of singleton bean &apos;org.springframework.transaction.config.internalTransactionAdvisor&apos;
2015-07-03 10:35:09 DEBUG DefaultListableBeanFactory:478 - Finished creating instance of bean &apos;org.springframework.web.servlet.mvc.annotation.DefaultAnnotationHandlerMapping&apos;
2015-07-03 10:35:09 DEBUG TestDispatcherServlet:574 - No HandlerMappings found in servlet &apos;&apos;: using default
2015-07-03 10:35:09 DEBUG DefaultListableBeanFactory:450 - Creating instance of bean &apos;org.springframework.web.servlet.mvc.HttpRequestHandlerAdapter&apos;
2015-07-03 10:35:09 DEBUG DefaultListableBeanFactory:247 - Returning cached instance of singleton bean &apos;org.springframework.transaction.config.internalTransactionAdvisor&apos;
2015-07-03 10:35:09 DEBUG DefaultListableBeanFactory:478 - Finished creating instance of bean &apos;org.springframework.web.servlet.mvc.HttpRequestHandlerAdapter&apos;
2015-07-03 10:35:09 DEBUG DefaultListableBeanFactory:450 - Creating instance of bean &apos;org.springframework.web.servlet.mvc.SimpleControllerHandlerAdapter&apos;
2015-07-03 10:35:09 DEBUG DefaultListableBeanFactory:247 - Returning cached instance of singleton bean &apos;org.springframework.transaction.config.internalTransactionAdvisor&apos;
2015-07-03 10:35:09 DEBUG DefaultListableBeanFactory:478 - Finished creating instance of bean &apos;org.springframework.web.servlet.mvc.SimpleControllerHandlerAdapter&apos;
2015-07-03 10:35:09 DEBUG DefaultListableBeanFactory:450 - Creating instance of bean &apos;org.springframework.web.servlet.mvc.annotation.AnnotationMethodHandlerAdapter&apos;
2015-07-03 10:35:09 DEBUG DefaultListableBeanFactory:247 - Returning cached instance of singleton bean &apos;org.springframework.transaction.config.internalTransactionAdvisor&apos;
2015-07-03 10:35:09 DEBUG DefaultListableBeanFactory:478 - Finished creating instance of bean &apos;org.springframework.web.servlet.mvc.annotation.AnnotationMethodHandlerAdapter&apos;
2015-07-03 10:35:09 DEBUG TestDispatcherServlet:612 - No HandlerAdapters found in servlet &apos;&apos;: using default
2015-07-03 10:35:09 DEBUG DefaultListableBeanFactory:450 - Creating instance of bean &apos;org.springframework.web.servlet.mvc.annotation.AnnotationMethodHandlerExceptionResolver&apos;
2015-07-03 10:35:09 DEBUG DefaultListableBeanFactory:247 - Returning cached instance of singleton bean &apos;org.springframework.transaction.config.internalTransactionAdvisor&apos;
2015-07-03 10:35:09 DEBUG DefaultListableBeanFactory:478 - Finished creating instance of bean &apos;org.springframework.web.servlet.mvc.annotation.AnnotationMethodHandlerExceptionResolver&apos;
2015-07-03 10:35:09 DEBUG DefaultListableBeanFactory:450 - Creating instance of bean &apos;org.springframework.web.servlet.mvc.annotation.ResponseStatusExceptionResolver&apos;
2015-07-03 10:35:09 DEBUG DefaultListableBeanFactory:247 - Returning cached instance of singleton bean &apos;org.springframework.transaction.config.internalTransactionAdvisor&apos;
2015-07-03 10:35:09 DEBUG DefaultListableBeanFactory:478 - Finished creating instance of bean &apos;org.springframework.web.servlet.mvc.annotation.ResponseStatusExceptionResolver&apos;
2015-07-03 10:35:09 DEBUG DefaultListableBeanFactory:450 - Creating instance of bean &apos;org.springframework.web.servlet.mvc.support.DefaultHandlerExceptionResolver&apos;
2015-07-03 10:35:09 DEBUG DefaultListableBeanFactory:247 - Returning cached instance of singleton bean &apos;org.springframework.transaction.config.internalTransactionAdvisor&apos;
2015-07-03 10:35:09 DEBUG DefaultListableBeanFactory:478 - Finished creating instance of bean &apos;org.springframework.web.servlet.mvc.support.DefaultHandlerExceptionResolver&apos;
2015-07-03 10:35:09 DEBUG TestDispatcherServlet:651 - No HandlerExceptionResolvers found in servlet &apos;&apos;: using default
2015-07-03 10:35:09 DEBUG DefaultListableBeanFactory:450 - Creating instance of bean &apos;org.springframework.web.servlet.view.DefaultRequestToViewNameTranslator&apos;
2015-07-03 10:35:09 DEBUG DefaultListableBeanFactory:247 - Returning cached instance of singleton bean &apos;org.springframework.transaction.config.internalTransactionAdvisor&apos;
2015-07-03 10:35:09 DEBUG DefaultListableBeanFactory:478 - Finished creating instance of bean &apos;org.springframework.web.servlet.view.DefaultRequestToViewNameTranslator&apos;
2015-07-03 10:35:09 DEBUG TestDispatcherServlet:672 - Unable to locate RequestToViewNameTranslator with name &apos;viewNameTranslator&apos;: using default [org.springframework.web.servlet.view.DefaultRequestToViewNameTranslator@ea05be]
2015-07-03 10:35:09 DEBUG DefaultListableBeanFactory:247 - Returning cached instance of singleton bean &apos;org.springframework.web.servlet.view.InternalResourceViewResolver#0&apos;
2015-07-03 10:35:09 DEBUG DefaultListableBeanFactory:450 - Creating instance of bean &apos;org.springframework.web.servlet.support.SessionFlashMapManager&apos;
2015-07-03 10:35:09 DEBUG DefaultListableBeanFactory:247 - Returning cached instance of singleton bean &apos;org.springframework.transaction.config.internalTransactionAdvisor&apos;
2015-07-03 10:35:09 DEBUG DefaultListableBeanFactory:478 - Finished creating instance of bean &apos;org.springframework.web.servlet.support.SessionFlashMapManager&apos;
2015-07-03 10:35:09 DEBUG TestDispatcherServlet:734 - Unable to locate FlashMapManager with name &apos;flashMapManager&apos;: using default [org.springframework.web.servlet.support.SessionFlashMapManager@20506187]
2015-07-03 10:35:09 DEBUG TestDispatcherServlet:563 - Published WebApplicationContext of servlet &apos;&apos; as ServletContext attribute with name [org.springframework.web.servlet.FrameworkServlet.CONTEXT.]
2015-07-03 10:35:09 INFO  TestDispatcherServlet:503 - FrameworkServlet &apos;&apos;: initialization completed in 194 ms
2015-07-03 10:35:09 DEBUG TestDispatcherServlet:139 - Servlet &apos;&apos; configured successfully
2015-07-03 10:35:09 DEBUG TestDispatcherServlet:845 - DispatcherServlet with name &apos;&apos; processing GET request for [/]
2015-07-03 10:35:09 DEBUG DefaultAnnotationHandlerMapping:124 - Mapping [/] to HandlerExecutionChain with handler [com.ascend.tmn.scouter.controller.LogSimulatorController@6ce52a2e] and 1 interceptor
2015-07-03 10:35:09 DEBUG TestDispatcherServlet:931 - Last-Modified value for [/] is: -1
2015-07-03 10:35:09 DEBUG HandlerMethodInvoker:172 - Invoking request handler method: public java.lang.String com.ascend.tmn.scouter.controller.LogSimulatorController.printWelcome(org.springframework.ui.ModelMap)
2015-07-03 10:35:09 DEBUG DefaultListableBeanFactory:1610 - Invoking afterPropertiesSet() on bean with name &apos;index&apos;
2015-07-03 10:35:09 DEBUG DefaultListableBeanFactory:247 - Returning cached instance of singleton bean &apos;org.springframework.transaction.config.internalTransactionAdvisor&apos;
2015-07-03 10:35:09 DEBUG TestDispatcherServlet:1225 - Rendering view [org.springframework.web.servlet.view.JstlView: name &apos;index&apos;; URL [/WEB-INF/pages/index.jsp]] in DispatcherServlet with name &apos;&apos;
2015-07-03 10:35:09 DEBUG JstlView:170 - Forwarding to resource [/WEB-INF/pages/index.jsp] in InternalResourceView &apos;index&apos;
2015-07-03 10:35:09 DEBUG MockRequestDispatcher:67 - MockRequestDispatcher: forwarding to [/WEB-INF/pages/index.jsp]
2015-07-03 10:35:09 DEBUG TestDispatcherServlet:996 - Successfully completed request
2015-07-03 10:35:09 DEBUG DirtiesContextTestExecutionListener:85 - After test method: context [DefaultTestContext@6dd79bd9 testClass = AppTests, testInstance = com.ascend.tmn.scouter.AppTests@6638fbe5, testMethod = simple@AppTests, testException = java.lang.AssertionError: View name expected:&lt;hello&gt; but was:&lt;index&gt;, mergedContextConfiguration = [WebMergedContextConfiguration@56911387 testClass = AppTests, locations = &apos;{file:src/main/webapp/WEB-INF/mvc-dispatcher-servlet.xml}&apos;, classes = &apos;{}&apos;, contextInitializerClasses = &apos;[]&apos;, activeProfiles = &apos;{}&apos;, propertySourceLocations = &apos;{}&apos;, propertySourceProperties = &apos;{}&apos;, resourceBasePath = &apos;src/main/webapp&apos;, contextLoader = &apos;org.springframework.test.context.web.WebDelegatingSmartContextLoader&apos;, parent = [null]]], class dirties context [false], class mode [null], method dirties context [false].
2015-07-03 10:35:09 DEBUG ServletTestExecutionListener:146 - Resetting RequestContextHolder for test context [DefaultTestContext@6dd79bd9 testClass = AppTests, testInstance = com.ascend.tmn.scouter.AppTests@6638fbe5, testMethod = simple@AppTests, testException = java.lang.AssertionError: View name expected:&lt;hello&gt; but was:&lt;index&gt;, mergedContextConfiguration = [WebMergedContextConfiguration@56911387 testClass = AppTests, locations = &apos;{file:src/main/webapp/WEB-INF/mvc-dispatcher-servlet.xml}&apos;, classes = &apos;{}&apos;, contextInitializerClasses = &apos;[]&apos;, activeProfiles = &apos;{}&apos;, propertySourceLocations = &apos;{}&apos;, propertySourceProperties = &apos;{}&apos;, resourceBasePath = &apos;src/main/webapp&apos;, contextLoader = &apos;org.springframework.test.context.web.WebDelegatingSmartContextLoader&apos;, parent = [null]]].
</system-out>
  </testcase>
</testsuite>